2025-12-05 16:35:24.714  INFO 11372 --- [restartedMain] com.instagram.BackEndApplication         : Starting BackEndApplication using Java 21.0.7 with PID 11372 (E:\풀스택 조연희\instagram-clone\back-end\build\classes\java\main started by TJ in E:\풀스택 조연희\instagram-clone\back-end)
2025-12-05 16:35:24.718  INFO 11372 --- [restartedMain] com.instagram.BackEndApplication         : No active profile set, falling back to 1 default profile: "default"
2025-12-05 16:35:24.783  INFO 11372 --- [restartedMain] .e.DevToolsPropertyDefaultsPostProcessor : Devtools property defaults active! Set 'spring.devtools.add-properties' to 'false' to disable
2025-12-05 16:35:24.783  INFO 11372 --- [restartedMain] .e.DevToolsPropertyDefaultsPostProcessor : For additional web related logging consider setting the 'logging.level.web' property to 'DEBUG'
2025-12-05 16:35:26.285  INFO 11372 --- [restartedMain] .s.d.r.c.RepositoryConfigurationDelegate : Bootstrapping Spring Data JPA repositories in DEFAULT mode.
2025-12-05 16:35:26.315  INFO 11372 --- [restartedMain] .s.d.r.c.RepositoryConfigurationDelegate : Finished Spring Data repository scanning in 17 ms. Found 0 JPA repository interfaces.
2025-12-05 16:35:27.425  INFO 11372 --- [restartedMain] o.s.boot.tomcat.TomcatWebServer          : Tomcat initialized with port 9000 (http)
2025-12-05 16:35:27.444  INFO 11372 --- [restartedMain] o.apache.catalina.core.StandardService   : Starting service [Tomcat]
2025-12-05 16:35:27.444  INFO 11372 --- [restartedMain] o.apache.catalina.core.StandardEngine    : Starting Servlet engine: [Apache Tomcat/11.0.14]
2025-12-05 16:35:27.517  INFO 11372 --- [restartedMain] b.w.c.s.WebApplicationContextInitializer : Root WebApplicationContext: initialization completed in 2733 ms
2025-12-05 16:35:28.101  INFO 11372 --- [restartedMain] o.hibernate.jpa.internal.util.LogHelper  : HHH000204: Processing PersistenceUnitInfo [name: default]
2025-12-05 16:35:28.208  INFO 11372 --- [restartedMain] org.hibernate.Version                    : HHH000412: Hibernate ORM core version 7.1.8.Final
2025-12-05 16:35:29.206  INFO 11372 --- [restartedMain] o.s.o.j.p.SpringPersistenceUnitInfo      : No LoadTimeWeaver setup: ignoring JPA class transformer
2025-12-05 16:35:29.252  INFO 11372 --- [restartedMain] com.zaxxer.hikari.HikariDataSource       : MyHikariCP - Starting...
2025-12-05 16:35:29.466  INFO 11372 --- [restartedMain] com.zaxxer.hikari.pool.HikariPool        : MyHikariCP - Added connection org.postgresql.jdbc.PgConnection@38bc6ad
2025-12-05 16:35:29.468  INFO 11372 --- [restartedMain] com.zaxxer.hikari.HikariDataSource       : MyHikariCP - Start completed.
2025-12-05 16:35:29.597  INFO 11372 --- [restartedMain] org.hibernate.orm.connections.pooling    : HHH10001005: Database info:
	Database JDBC URL [jdbc:postgresql://localhost:5432/instagramdb]
	Database driver: PostgreSQL JDBC Driver
	Database dialect: PostgreSQLDialect
	Database version: 18.1
	Default catalog/schema: instagramdb/public
	Autocommit mode: undefined/unknown
	Isolation level: READ_COMMITTED [default READ_COMMITTED]
	JDBC fetch size: none
	Pool: DatasourceConnectionProviderImpl
	Minimum pool size: undefined/unknown
	Maximum pool size: undefined/unknown
2025-12-05 16:35:30.196  INFO 11372 --- [restartedMain] o.h.e.t.j.p.i.JtaPlatformInitiator       : HHH000489: No JTA platform available (set 'hibernate.transaction.jta.platform' to enable JTA platform integration)
2025-12-05 16:35:30.214  INFO 11372 --- [restartedMain] j.LocalContainerEntityManagerFactoryBean : Initialized JPA EntityManagerFactory for persistence unit 'default'
2025-12-05 16:35:30.282  WARN 11372 --- [restartedMain] ConfigServletWebServerApplicationContext : Exception encountered during context initialization - cancelling refresh attempt: org.springframework.beans.factory.UnsatisfiedDependencyException: Error creating bean with name 'userController' defined in file [E:\풀스택 조연희\instagram-clone\back-end\build\classes\java\main\com\instagram\user\controller\UserController.class]: Unsatisfied dependency expressed through constructor parameter 0: Error creating bean with name 'userServiceImpl' defined in file [E:\풀스택 조연희\instagram-clone\back-end\build\classes\java\main\com\instagram\user\model\service\UserServiceImpl.class]: Unsatisfied dependency expressed through constructor parameter 0: No qualifying bean of type 'com.instagram.user.model.mapper.UserMapper' available: expected at least 1 bean which qualifies as autowire candidate. Dependency annotations: {}
2025-12-05 16:35:30.282  INFO 11372 --- [restartedMain] j.LocalContainerEntityManagerFactoryBean : Closing JPA EntityManagerFactory for persistence unit 'default'
2025-12-05 16:35:30.287  INFO 11372 --- [restartedMain] com.zaxxer.hikari.HikariDataSource       : MyHikariCP - Shutdown initiated...
2025-12-05 16:35:30.291  INFO 11372 --- [restartedMain] com.zaxxer.hikari.HikariDataSource       : MyHikariCP - Shutdown completed.
2025-12-05 16:35:30.293  INFO 11372 --- [restartedMain] o.apache.catalina.core.StandardService   : Stopping service [Tomcat]
2025-12-05 16:35:30.305  INFO 11372 --- [restartedMain] .s.b.a.l.ConditionEvaluationReportLogger : 

Error starting ApplicationContext. To display the condition evaluation report re-run your application with 'debug' enabled.
2025-12-05 16:35:30.326 ERROR 11372 --- [restartedMain] o.s.b.d.LoggingFailureAnalysisReporter   : 

***************************
APPLICATION FAILED TO START
***************************

Description:

Parameter 0 of constructor in com.instagram.user.model.service.UserServiceImpl required a bean of type 'com.instagram.user.model.mapper.UserMapper' that could not be found.


Action:

Consider defining a bean of type 'com.instagram.user.model.mapper.UserMapper' in your configuration.

2025-12-05 17:55:00.551  INFO 18236 --- [restartedMain] com.instagram.BackEndApplication         : Starting BackEndApplication using Java 21.0.7 with PID 18236 (E:\풀스택 조연희\instagram-clone\back-end\build\classes\java\main started by TJ in E:\풀스택 조연희\instagram-clone\back-end)
2025-12-05 17:55:00.554  INFO 18236 --- [restartedMain] com.instagram.BackEndApplication         : No active profile set, falling back to 1 default profile: "default"
2025-12-05 17:55:00.876  INFO 18236 --- [restartedMain] .e.DevToolsPropertyDefaultsPostProcessor : Devtools property defaults active! Set 'spring.devtools.add-properties' to 'false' to disable
2025-12-05 17:55:00.876  INFO 18236 --- [restartedMain] .e.DevToolsPropertyDefaultsPostProcessor : For additional web related logging consider setting the 'logging.level.web' property to 'DEBUG'
2025-12-05 17:55:03.884  INFO 18236 --- [restartedMain] .s.d.r.c.RepositoryConfigurationDelegate : Bootstrapping Spring Data JPA repositories in DEFAULT mode.
2025-12-05 17:55:03.916  INFO 18236 --- [restartedMain] .s.d.r.c.RepositoryConfigurationDelegate : Finished Spring Data repository scanning in 14 ms. Found 0 JPA repository interfaces.
2025-12-05 17:55:06.254  INFO 18236 --- [restartedMain] o.s.b.w.embedded.tomcat.TomcatWebServer  : Tomcat initialized with port 9000 (http)
2025-12-05 17:55:06.295  INFO 18236 --- [restartedMain] o.apache.catalina.core.StandardService   : Starting service [Tomcat]
2025-12-05 17:55:06.296  INFO 18236 --- [restartedMain] o.apache.catalina.core.StandardEngine    : Starting Servlet engine: [Apache Tomcat/10.1.33]
2025-12-05 17:55:06.926  INFO 18236 --- [restartedMain] o.a.c.c.C.[Tomcat].[localhost].[/]       : Initializing Spring embedded WebApplicationContext
2025-12-05 17:55:06.929  INFO 18236 --- [restartedMain] w.s.c.ServletWebServerApplicationContext : Root WebApplicationContext: initialization completed in 6051 ms
2025-12-05 17:55:07.562  INFO 18236 --- [restartedMain] o.hibernate.jpa.internal.util.LogHelper  : HHH000204: Processing PersistenceUnitInfo [name: default]
2025-12-05 17:55:07.637  INFO 18236 --- [restartedMain] org.hibernate.Version                    : HHH000412: Hibernate ORM core version 6.6.2.Final
2025-12-05 17:55:07.710  INFO 18236 --- [restartedMain] o.h.c.internal.RegionFactoryInitiator    : HHH000026: Second-level cache disabled
2025-12-05 17:55:08.610  INFO 18236 --- [restartedMain] o.s.o.j.p.SpringPersistenceUnitInfo      : No LoadTimeWeaver setup: ignoring JPA class transformer
2025-12-05 17:55:08.757  INFO 18236 --- [restartedMain] com.zaxxer.hikari.HikariDataSource       : MyHikariCP - Starting...
2025-12-05 17:55:09.085  INFO 18236 --- [restartedMain] com.zaxxer.hikari.pool.HikariPool        : MyHikariCP - Added connection org.postgresql.jdbc.PgConnection@48071668
2025-12-05 17:55:09.087  INFO 18236 --- [restartedMain] com.zaxxer.hikari.HikariDataSource       : MyHikariCP - Start completed.
2025-12-05 17:55:09.203  INFO 18236 --- [restartedMain] org.hibernate.orm.connections.pooling    : HHH10001005: Database info:
	Database JDBC URL [Connecting through datasource 'HikariDataSource (MyHikariCP)']
	Database driver: undefined/unknown
	Database version: 18.1
	Autocommit mode: undefined/unknown
	Isolation level: undefined/unknown
	Minimum pool size: undefined/unknown
	Maximum pool size: undefined/unknown
2025-12-05 17:55:10.163  INFO 18236 --- [restartedMain] o.h.e.t.j.p.i.JtaPlatformInitiator       : HHH000489: No JTA platform available (set 'hibernate.transaction.jta.platform' to enable JTA platform integration)
2025-12-05 17:55:10.171  INFO 18236 --- [restartedMain] j.LocalContainerEntityManagerFactoryBean : Initialized JPA EntityManagerFactory for persistence unit 'default'
2025-12-05 17:55:10.333  WARN 18236 --- [restartedMain] ConfigServletWebServerApplicationContext : Exception encountered during context initialization - cancelling refresh attempt: org.springframework.beans.factory.BeanCreationException: Error creating bean with name 'jwtUtil': Injection of autowired dependencies failed
2025-12-05 17:55:10.334  INFO 18236 --- [restartedMain] j.LocalContainerEntityManagerFactoryBean : Closing JPA EntityManagerFactory for persistence unit 'default'
2025-12-05 17:55:10.345  INFO 18236 --- [restartedMain] com.zaxxer.hikari.HikariDataSource       : MyHikariCP - Shutdown initiated...
2025-12-05 17:55:10.480  INFO 18236 --- [restartedMain] com.zaxxer.hikari.HikariDataSource       : MyHikariCP - Shutdown completed.
2025-12-05 17:55:10.484  INFO 18236 --- [restartedMain] o.apache.catalina.core.StandardService   : Stopping service [Tomcat]
2025-12-05 17:55:10.506  INFO 18236 --- [restartedMain] .s.b.a.l.ConditionEvaluationReportLogger : 

Error starting ApplicationContext. To display the condition evaluation report re-run your application with 'debug' enabled.
2025-12-05 17:55:10.639 ERROR 18236 --- [restartedMain] o.s.boot.SpringApplication               : Application run failed

org.springframework.beans.factory.BeanCreationException: Error creating bean with name 'jwtUtil': Injection of autowired dependencies failed
	at org.springframework.beans.factory.annotation.AutowiredAnnotationBeanPostProcessor.postProcessProperties(AutowiredAnnotationBeanPostProcessor.java:515)
	at org.springframework.beans.factory.support.AbstractAutowireCapableBeanFactory.populateBean(AbstractAutowireCapableBeanFactory.java:1435)
	at org.springframework.beans.factory.support.AbstractAutowireCapableBeanFactory.doCreateBean(AbstractAutowireCapableBeanFactory.java:600)
	at org.springframework.beans.factory.support.AbstractAutowireCapableBeanFactory.createBean(AbstractAutowireCapableBeanFactory.java:523)
	at org.springframework.beans.factory.support.AbstractBeanFactory.lambda$doGetBean$0(AbstractBeanFactory.java:336)
	at org.springframework.beans.factory.support.DefaultSingletonBeanRegistry.getSingleton(DefaultSingletonBeanRegistry.java:288)
	at org.springframework.beans.factory.support.AbstractBeanFactory.doGetBean(AbstractBeanFactory.java:334)
	at org.springframework.beans.factory.support.AbstractBeanFactory.getBean(AbstractBeanFactory.java:199)
	at org.springframework.beans.factory.support.DefaultListableBeanFactory.instantiateSingleton(DefaultListableBeanFactory.java:1122)
	at org.springframework.beans.factory.support.DefaultListableBeanFactory.preInstantiateSingleton(DefaultListableBeanFactory.java:1093)
	at org.springframework.beans.factory.support.DefaultListableBeanFactory.preInstantiateSingletons(DefaultListableBeanFactory.java:1030)
	at org.springframework.context.support.AbstractApplicationContext.finishBeanFactoryInitialization(AbstractApplicationContext.java:987)
	at org.springframework.context.support.AbstractApplicationContext.refresh(AbstractApplicationContext.java:627)
	at org.springframework.boot.web.servlet.context.ServletWebServerApplicationContext.refresh(ServletWebServerApplicationContext.java:146)
	at org.springframework.boot.SpringApplication.refresh(SpringApplication.java:752)
	at org.springframework.boot.SpringApplication.refreshContext(SpringApplication.java:439)
	at org.springframework.boot.SpringApplication.run(SpringApplication.java:318)
	at org.springframework.boot.SpringApplication.run(SpringApplication.java:1361)
	at org.springframework.boot.SpringApplication.run(SpringApplication.java:1350)
	at com.instagram.BackEndApplication.main(BackEndApplication.java:10)
	at java.base/jdk.internal.reflect.DirectMethodHandleAccessor.invoke(DirectMethodHandleAccessor.java:103)
	at java.base/java.lang.reflect.Method.invoke(Method.java:580)
	at org.springframework.boot.devtools.restart.RestartLauncher.run(RestartLauncher.java:50)
Caused by: org.springframework.util.PlaceholderResolutionException: Could not resolve placeholder 'jwt.secreat' in value "${jwt.secreat}"
	at org.springframework.util.PlaceholderResolutionException.withValue(PlaceholderResolutionException.java:81)
	at org.springframework.util.PlaceholderParser$ParsedValue.resolve(PlaceholderParser.java:416)
	at org.springframework.util.PlaceholderParser.replacePlaceholders(PlaceholderParser.java:128)
	at org.springframework.util.PropertyPlaceholderHelper.parseStringValue(PropertyPlaceholderHelper.java:118)
	at org.springframework.util.PropertyPlaceholderHelper.replacePlaceholders(PropertyPlaceholderHelper.java:114)
	at org.springframework.core.env.AbstractPropertyResolver.doResolvePlaceholders(AbstractPropertyResolver.java:255)
	at org.springframework.core.env.AbstractPropertyResolver.resolveRequiredPlaceholders(AbstractPropertyResolver.java:226)
	at org.springframework.context.support.PropertySourcesPlaceholderConfigurer.lambda$processProperties$0(PropertySourcesPlaceholderConfigurer.java:201)
	at org.springframework.beans.factory.support.AbstractBeanFactory.resolveEmbeddedValue(AbstractBeanFactory.java:963)
	at org.springframework.beans.factory.support.DefaultListableBeanFactory.doResolveDependency(DefaultListableBeanFactory.java:1536)
	at org.springframework.beans.factory.support.DefaultListableBeanFactory.resolveDependency(DefaultListableBeanFactory.java:1514)
	at org.springframework.beans.factory.annotation.AutowiredAnnotationBeanPostProcessor$AutowiredFieldElement.resolveFieldValue(AutowiredAnnotationBeanPostProcessor.java:785)
	at org.springframework.beans.factory.annotation.AutowiredAnnotationBeanPostProcessor$AutowiredFieldElement.inject(AutowiredAnnotationBeanPostProcessor.java:768)
	at org.springframework.beans.factory.annotation.InjectionMetadata.inject(InjectionMetadata.java:146)
	at org.springframework.beans.factory.annotation.AutowiredAnnotationBeanPostProcessor.postProcessProperties(AutowiredAnnotationBeanPostProcessor.java:509)
	... 22 common frames omitted

2025-12-05 17:57:53.823  INFO 13968 --- [restartedMain] com.instagram.BackEndApplication         : Starting BackEndApplication using Java 21.0.7 with PID 13968 (E:\풀스택 조연희\instagram-clone\back-end\build\classes\java\main started by TJ in E:\풀스택 조연희\instagram-clone\back-end)
2025-12-05 17:57:53.825  INFO 13968 --- [restartedMain] com.instagram.BackEndApplication         : No active profile set, falling back to 1 default profile: "default"
2025-12-05 17:57:53.877  INFO 13968 --- [restartedMain] .e.DevToolsPropertyDefaultsPostProcessor : Devtools property defaults active! Set 'spring.devtools.add-properties' to 'false' to disable
2025-12-05 17:57:53.878  INFO 13968 --- [restartedMain] .e.DevToolsPropertyDefaultsPostProcessor : For additional web related logging consider setting the 'logging.level.web' property to 'DEBUG'
2025-12-05 17:57:55.213  INFO 13968 --- [restartedMain] .s.d.r.c.RepositoryConfigurationDelegate : Bootstrapping Spring Data JPA repositories in DEFAULT mode.
2025-12-05 17:57:55.231  INFO 13968 --- [restartedMain] .s.d.r.c.RepositoryConfigurationDelegate : Finished Spring Data repository scanning in 8 ms. Found 0 JPA repository interfaces.
2025-12-05 17:57:56.370  INFO 13968 --- [restartedMain] o.s.b.w.embedded.tomcat.TomcatWebServer  : Tomcat initialized with port 9000 (http)
2025-12-05 17:57:56.386  INFO 13968 --- [restartedMain] o.apache.catalina.core.StandardService   : Starting service [Tomcat]
2025-12-05 17:57:56.386  INFO 13968 --- [restartedMain] o.apache.catalina.core.StandardEngine    : Starting Servlet engine: [Apache Tomcat/10.1.33]
2025-12-05 17:57:56.452  INFO 13968 --- [restartedMain] o.a.c.c.C.[Tomcat].[localhost].[/]       : Initializing Spring embedded WebApplicationContext
2025-12-05 17:57:56.452  INFO 13968 --- [restartedMain] w.s.c.ServletWebServerApplicationContext : Root WebApplicationContext: initialization completed in 2574 ms
2025-12-05 17:57:56.896  INFO 13968 --- [restartedMain] o.hibernate.jpa.internal.util.LogHelper  : HHH000204: Processing PersistenceUnitInfo [name: default]
2025-12-05 17:57:56.964  INFO 13968 --- [restartedMain] org.hibernate.Version                    : HHH000412: Hibernate ORM core version 6.6.2.Final
2025-12-05 17:57:57.003  INFO 13968 --- [restartedMain] o.h.c.internal.RegionFactoryInitiator    : HHH000026: Second-level cache disabled
2025-12-05 17:57:57.332  INFO 13968 --- [restartedMain] o.s.o.j.p.SpringPersistenceUnitInfo      : No LoadTimeWeaver setup: ignoring JPA class transformer
2025-12-05 17:57:57.372  INFO 13968 --- [restartedMain] com.zaxxer.hikari.HikariDataSource       : MyHikariCP - Starting...
2025-12-05 17:57:57.561  INFO 13968 --- [restartedMain] com.zaxxer.hikari.pool.HikariPool        : MyHikariCP - Added connection org.postgresql.jdbc.PgConnection@1c3e69b8
2025-12-05 17:57:57.564  INFO 13968 --- [restartedMain] com.zaxxer.hikari.HikariDataSource       : MyHikariCP - Start completed.
2025-12-05 17:57:57.646  INFO 13968 --- [restartedMain] org.hibernate.orm.connections.pooling    : HHH10001005: Database info:
	Database JDBC URL [Connecting through datasource 'HikariDataSource (MyHikariCP)']
	Database driver: undefined/unknown
	Database version: 18.1
	Autocommit mode: undefined/unknown
	Isolation level: undefined/unknown
	Minimum pool size: undefined/unknown
	Maximum pool size: undefined/unknown
2025-12-05 17:57:58.062  INFO 13968 --- [restartedMain] o.h.e.t.j.p.i.JtaPlatformInitiator       : HHH000489: No JTA platform available (set 'hibernate.transaction.jta.platform' to enable JTA platform integration)
2025-12-05 17:57:58.068  INFO 13968 --- [restartedMain] j.LocalContainerEntityManagerFactoryBean : Initialized JPA EntityManagerFactory for persistence unit 'default'
2025-12-05 17:57:58.639  WARN 13968 --- [restartedMain] JpaBaseConfiguration$JpaWebConfiguration : spring.jpa.open-in-view is enabled by default. Therefore, database queries may be performed during view rendering. Explicitly configure spring.jpa.open-in-view to disable this warning
2025-12-05 17:57:58.755  WARN 13968 --- [restartedMain] .s.s.UserDetailsServiceAutoConfiguration : 

Using generated security password: e8f726cf-4263-43bf-a2ba-cb4b373cddc4

This generated password is for development use only. Your security configuration must be updated before running your application in production.

2025-12-05 17:57:58.767  INFO 13968 --- [restartedMain] r$InitializeUserDetailsManagerConfigurer : Global AuthenticationManager configured with UserDetailsService bean with name inMemoryUserDetailsManager
2025-12-05 17:57:59.786  WARN 13968 --- [restartedMain] ion$DefaultTemplateResolverConfiguration : Cannot find template location: classpath:/templates/ (please add some templates, check your Thymeleaf configuration, or set spring.thymeleaf.check-template-location=false)
2025-12-05 17:58:00.824  INFO 13968 --- [restartedMain] o.s.b.a.e.web.EndpointLinksResolver      : Exposing 1 endpoint beneath base path '/actuator'
2025-12-05 17:58:00.956  INFO 13968 --- [restartedMain] o.s.b.d.a.OptionalLiveReloadServer       : LiveReload server is running on port 35729
2025-12-05 17:58:01.031  INFO 13968 --- [restartedMain] o.s.m.s.b.SimpleBrokerMessageHandler     : Starting...
2025-12-05 17:58:01.032  INFO 13968 --- [restartedMain] o.s.m.s.b.SimpleBrokerMessageHandler     : BrokerAvailabilityEvent[available=true, SimpleBrokerMessageHandler [org.springframework.messaging.simp.broker.DefaultSubscriptionRegistry@522c34a1]]
2025-12-05 17:58:01.033  INFO 13968 --- [restartedMain] o.s.m.s.b.SimpleBrokerMessageHandler     : Started.
2025-12-05 17:58:01.057  INFO 13968 --- [restartedMain] o.s.b.w.embedded.tomcat.TomcatWebServer  : Tomcat started on port 9000 (http) with context path '/'
2025-12-05 17:58:01.070  INFO 13968 --- [restartedMain] com.instagram.BackEndApplication         : Started BackEndApplication in 8.057 seconds (process running for 10.444)
2025-12-05 17:58:35.446  INFO 13968 --- [http-nio-9000-exec-1] o.a.c.c.C.[Tomcat].[localhost].[/]       : Initializing Spring DispatcherServlet 'dispatcherServlet'
2025-12-05 17:58:35.446  INFO 13968 --- [http-nio-9000-exec-1] o.s.web.servlet.DispatcherServlet        : Initializing Servlet 'dispatcherServlet'
2025-12-05 17:58:35.448  INFO 13968 --- [http-nio-9000-exec-1] o.s.web.servlet.DispatcherServlet        : Completed initialization in 1 ms
2025-12-05 17:58:35.646  INFO 13968 --- [http-nio-9000-exec-2] com.instagram.common.aop.LoggingAspect   : [UserController.signUp()] 요청 / ip : 0:0:0:0:0:0:0:1
2025-12-05 17:58:35.647  INFO 13968 --- [http-nio-9000-exec-2] com.instagram.common.aop.LoggingAspect   : ========== UserServiceImpl.signUp() 서비스 호출 ==========
2025-12-05 17:58:35.650  INFO 13968 --- [http-nio-9000-exec-2] com.instagram.common.aop.LoggingAspect   : Parameter : [User(userId=0, userName=null, userEmail=null, userPassword=null, userFullname=null, userAvatar=null, createdAt=null, updatedAt=null)]
2025-12-05 17:58:35.689 ERROR 13968 --- [http-nio-9000-exec-2] o.a.c.c.C.[.[.[/].[dispatcherServlet]    : Servlet.service() for servlet [dispatcherServlet] in context with path [] threw exception [Request processing failed: java.lang.IllegalArgumentException: rawPassword cannot be null] with root cause

java.lang.IllegalArgumentException: rawPassword cannot be null
	at org.springframework.security.crypto.bcrypt.BCryptPasswordEncoder.encode(BCryptPasswordEncoder.java:107)
	at com.instagram.user.model.service.UserServiceImpl.signUp(UserServiceImpl.java:35)
	at java.base/jdk.internal.reflect.DirectMethodHandleAccessor.invoke(DirectMethodHandleAccessor.java:103)
	at java.base/java.lang.reflect.Method.invoke(Method.java:580)
	at org.springframework.aop.support.AopUtils.invokeJoinpointUsingReflection(AopUtils.java:359)
	at org.springframework.aop.framework.ReflectiveMethodInvocation.invokeJoinpoint(ReflectiveMethodInvocation.java:196)
	at org.springframework.aop.framework.ReflectiveMethodInvocation.proceed(ReflectiveMethodInvocation.java:163)
	at org.springframework.aop.aspectj.MethodInvocationProceedingJoinPoint.proceed(MethodInvocationProceedingJoinPoint.java:89)
	at com.instagram.common.aop.LoggingAspect.aroundServiceImpl(LoggingAspect.java:46)
	at java.base/jdk.internal.reflect.DirectMethodHandleAccessor.invoke(DirectMethodHandleAccessor.java:103)
	at java.base/java.lang.reflect.Method.invoke(Method.java:580)
	at org.springframework.aop.aspectj.AbstractAspectJAdvice.invokeAdviceMethodWithGivenArgs(AbstractAspectJAdvice.java:638)
	at org.springframework.aop.aspectj.AbstractAspectJAdvice.invokeAdviceMethod(AbstractAspectJAdvice.java:628)
	at org.springframework.aop.aspectj.AspectJAroundAdvice.invoke(AspectJAroundAdvice.java:71)
	at org.springframework.aop.framework.ReflectiveMethodInvocation.proceed(ReflectiveMethodInvocation.java:184)
	at org.springframework.aop.interceptor.ExposeInvocationInterceptor.invoke(ExposeInvocationInterceptor.java:97)
	at org.springframework.aop.framework.ReflectiveMethodInvocation.proceed(ReflectiveMethodInvocation.java:184)
	at org.springframework.aop.framework.CglibAopProxy$DynamicAdvisedInterceptor.intercept(CglibAopProxy.java:727)
	at com.instagram.user.model.service.UserServiceImpl$$SpringCGLIB$$0.signUp(<generated>)
	at com.instagram.user.controller.UserController.signUp(UserController.java:28)
	at java.base/jdk.internal.reflect.DirectMethodHandleAccessor.invoke(DirectMethodHandleAccessor.java:103)
	at java.base/java.lang.reflect.Method.invoke(Method.java:580)
	at org.springframework.aop.support.AopUtils.invokeJoinpointUsingReflection(AopUtils.java:359)
	at org.springframework.aop.framework.ReflectiveMethodInvocation.invokeJoinpoint(ReflectiveMethodInvocation.java:196)
	at org.springframework.aop.framework.ReflectiveMethodInvocation.proceed(ReflectiveMethodInvocation.java:163)
	at org.springframework.aop.framework.adapter.MethodBeforeAdviceInterceptor.invoke(MethodBeforeAdviceInterceptor.java:58)
	at org.springframework.aop.framework.ReflectiveMethodInvocation.proceed(ReflectiveMethodInvocation.java:184)
	at org.springframework.aop.interceptor.ExposeInvocationInterceptor.invoke(ExposeInvocationInterceptor.java:97)
	at org.springframework.aop.framework.ReflectiveMethodInvocation.proceed(ReflectiveMethodInvocation.java:184)
	at org.springframework.aop.framework.CglibAopProxy$DynamicAdvisedInterceptor.intercept(CglibAopProxy.java:727)
	at com.instagram.user.controller.UserController$$SpringCGLIB$$0.signUp(<generated>)
	at java.base/jdk.internal.reflect.DirectMethodHandleAccessor.invoke(DirectMethodHandleAccessor.java:103)
	at java.base/java.lang.reflect.Method.invoke(Method.java:580)
	at org.springframework.web.method.support.InvocableHandlerMethod.doInvoke(InvocableHandlerMethod.java:255)
	at org.springframework.web.method.support.InvocableHandlerMethod.invokeForRequest(InvocableHandlerMethod.java:188)
	at org.springframework.web.servlet.mvc.method.annotation.ServletInvocableHandlerMethod.invokeAndHandle(ServletInvocableHandlerMethod.java:118)
	at org.springframework.web.servlet.mvc.method.annotation.RequestMappingHandlerAdapter.invokeHandlerMethod(RequestMappingHandlerAdapter.java:986)
	at org.springframework.web.servlet.mvc.method.annotation.RequestMappingHandlerAdapter.handleInternal(RequestMappingHandlerAdapter.java:891)
	at org.springframework.web.servlet.mvc.method.AbstractHandlerMethodAdapter.handle(AbstractHandlerMethodAdapter.java:87)
	at org.springframework.web.servlet.DispatcherServlet.doDispatch(DispatcherServlet.java:1088)
	at org.springframework.web.servlet.DispatcherServlet.doService(DispatcherServlet.java:978)
	at org.springframework.web.servlet.FrameworkServlet.processRequest(FrameworkServlet.java:1014)
	at org.springframework.web.servlet.FrameworkServlet.doPost(FrameworkServlet.java:914)
	at jakarta.servlet.http.HttpServlet.service(HttpServlet.java:590)
	at org.springframework.web.servlet.FrameworkServlet.service(FrameworkServlet.java:885)
	at jakarta.servlet.http.HttpServlet.service(HttpServlet.java:658)
	at org.apache.catalina.core.ApplicationFilterChain.internalDoFilter(ApplicationFilterChain.java:195)
	at org.apache.catalina.core.ApplicationFilterChain.doFilter(ApplicationFilterChain.java:140)
	at org.apache.tomcat.websocket.server.WsFilter.doFilter(WsFilter.java:51)
	at org.apache.catalina.core.ApplicationFilterChain.internalDoFilter(ApplicationFilterChain.java:164)
	at org.apache.catalina.core.ApplicationFilterChain.doFilter(ApplicationFilterChain.java:140)
	at org.springframework.web.filter.CompositeFilter$VirtualFilterChain.doFilter(CompositeFilter.java:108)
	at org.springframework.security.web.FilterChainProxy.lambda$doFilterInternal$3(FilterChainProxy.java:231)
	at org.springframework.security.web.ObservationFilterChainDecorator$FilterObservation$SimpleFilterObservation.lambda$wrap$1(ObservationFilterChainDecorator.java:479)
	at org.springframework.security.web.ObservationFilterChainDecorator$AroundFilterObservation$SimpleAroundFilterObservation.lambda$wrap$1(ObservationFilterChainDecorator.java:340)
	at org.springframework.security.web.ObservationFilterChainDecorator.lambda$wrapSecured$0(ObservationFilterChainDecorator.java:82)
	at org.springframework.security.web.ObservationFilterChainDecorator$VirtualFilterChain.doFilter(ObservationFilterChainDecorator.java:128)
	at org.springframework.security.web.access.intercept.AuthorizationFilter.doFilter(AuthorizationFilter.java:101)
	at org.springframework.security.web.ObservationFilterChainDecorator$ObservationFilter.wrapFilter(ObservationFilterChainDecorator.java:240)
	at org.springframework.security.web.ObservationFilterChainDecorator$ObservationFilter.doFilter(ObservationFilterChainDecorator.java:227)
	at org.springframework.security.web.ObservationFilterChainDecorator$VirtualFilterChain.doFilter(ObservationFilterChainDecorator.java:137)
	at org.springframework.security.web.access.ExceptionTranslationFilter.doFilter(ExceptionTranslationFilter.java:126)
	at org.springframework.security.web.access.ExceptionTranslationFilter.doFilter(ExceptionTranslationFilter.java:120)
	at org.springframework.security.web.ObservationFilterChainDecorator$ObservationFilter.wrapFilter(ObservationFilterChainDecorator.java:240)
	at org.springframework.security.web.ObservationFilterChainDecorator$ObservationFilter.doFilter(ObservationFilterChainDecorator.java:227)
	at org.springframework.security.web.ObservationFilterChainDecorator$VirtualFilterChain.doFilter(ObservationFilterChainDecorator.java:137)
	at org.springframework.security.web.session.SessionManagementFilter.doFilter(SessionManagementFilter.java:131)
	at org.springframework.security.web.session.SessionManagementFilter.doFilter(SessionManagementFilter.java:85)
	at org.springframework.security.web.ObservationFilterChainDecorator$ObservationFilter.wrapFilter(ObservationFilterChainDecorator.java:240)
	at org.springframework.security.web.ObservationFilterChainDecorator$ObservationFilter.doFilter(ObservationFilterChainDecorator.java:227)
	at org.springframework.security.web.ObservationFilterChainDecorator$VirtualFilterChain.doFilter(ObservationFilterChainDecorator.java:137)
	at org.springframework.security.web.authentication.AnonymousAuthenticationFilter.doFilter(AnonymousAuthenticationFilter.java:100)
	at org.springframework.security.web.ObservationFilterChainDecorator$ObservationFilter.wrapFilter(ObservationFilterChainDecorator.java:240)
	at org.springframework.security.web.ObservationFilterChainDecorator$ObservationFilter.doFilter(ObservationFilterChainDecorator.java:227)
	at org.springframework.security.web.ObservationFilterChainDecorator$VirtualFilterChain.doFilter(ObservationFilterChainDecorator.java:137)
	at org.springframework.security.web.servletapi.SecurityContextHolderAwareRequestFilter.doFilter(SecurityContextHolderAwareRequestFilter.java:179)
	at org.springframework.security.web.ObservationFilterChainDecorator$ObservationFilter.wrapFilter(ObservationFilterChainDecorator.java:240)
	at org.springframework.security.web.ObservationFilterChainDecorator$ObservationFilter.doFilter(ObservationFilterChainDecorator.java:227)
	at org.springframework.security.web.ObservationFilterChainDecorator$VirtualFilterChain.doFilter(ObservationFilterChainDecorator.java:137)
	at org.springframework.security.web.savedrequest.RequestCacheAwareFilter.doFilter(RequestCacheAwareFilter.java:63)
	at org.springframework.security.web.ObservationFilterChainDecorator$ObservationFilter.wrapFilter(ObservationFilterChainDecorator.java:240)
	at org.springframework.security.web.ObservationFilterChainDecorator$ObservationFilter.doFilter(ObservationFilterChainDecorator.java:227)
	at org.springframework.security.web.ObservationFilterChainDecorator$VirtualFilterChain.doFilter(ObservationFilterChainDecorator.java:137)
	at org.springframework.security.web.session.ConcurrentSessionFilter.doFilter(ConcurrentSessionFilter.java:151)
	at org.springframework.security.web.session.ConcurrentSessionFilter.doFilter(ConcurrentSessionFilter.java:129)
	at org.springframework.security.web.ObservationFilterChainDecorator$ObservationFilter.wrapFilter(ObservationFilterChainDecorator.java:240)
	at org.springframework.security.web.ObservationFilterChainDecorator$ObservationFilter.doFilter(ObservationFilterChainDecorator.java:227)
	at org.springframework.security.web.ObservationFilterChainDecorator$VirtualFilterChain.doFilter(ObservationFilterChainDecorator.java:137)
	at org.springframework.security.web.authentication.logout.LogoutFilter.doFilter(LogoutFilter.java:107)
	at org.springframework.security.web.authentication.logout.LogoutFilter.doFilter(LogoutFilter.java:93)
	at org.springframework.security.web.ObservationFilterChainDecorator$ObservationFilter.wrapFilter(ObservationFilterChainDecorator.java:240)
	at org.springframework.security.web.ObservationFilterChainDecorator$ObservationFilter.doFilter(ObservationFilterChainDecorator.java:227)
	at org.springframework.security.web.ObservationFilterChainDecorator$VirtualFilterChain.doFilter(ObservationFilterChainDecorator.java:137)
	at org.springframework.security.web.header.HeaderWriterFilter.doHeadersAfter(HeaderWriterFilter.java:90)
	at org.springframework.security.web.header.HeaderWriterFilter.doFilterInternal(HeaderWriterFilter.java:75)
	at org.springframework.web.filter.OncePerRequestFilter.doFilter(OncePerRequestFilter.java:116)
	at org.springframework.security.web.ObservationFilterChainDecorator$ObservationFilter.wrapFilter(ObservationFilterChainDecorator.java:240)
	at org.springframework.security.web.ObservationFilterChainDecorator$ObservationFilter.doFilter(ObservationFilterChainDecorator.java:227)
	at org.springframework.security.web.ObservationFilterChainDecorator$VirtualFilterChain.doFilter(ObservationFilterChainDecorator.java:137)
	at org.springframework.security.web.context.SecurityContextHolderFilter.doFilter(SecurityContextHolderFilter.java:82)
	at org.springframework.security.web.context.SecurityContextHolderFilter.doFilter(SecurityContextHolderFilter.java:69)
	at org.springframework.security.web.ObservationFilterChainDecorator$ObservationFilter.wrapFilter(ObservationFilterChainDecorator.java:240)
	at org.springframework.security.web.ObservationFilterChainDecorator$ObservationFilter.doFilter(ObservationFilterChainDecorator.java:227)
	at org.springframework.security.web.ObservationFilterChainDecorator$VirtualFilterChain.doFilter(ObservationFilterChainDecorator.java:137)
	at org.springframework.security.web.context.request.async.WebAsyncManagerIntegrationFilter.doFilterInternal(WebAsyncManagerIntegrationFilter.java:62)
	at org.springframework.web.filter.OncePerRequestFilter.doFilter(OncePerRequestFilter.java:116)
	at org.springframework.security.web.ObservationFilterChainDecorator$ObservationFilter.wrapFilter(ObservationFilterChainDecorator.java:240)
	at org.springframework.security.web.ObservationFilterChainDecorator$ObservationFilter.doFilter(ObservationFilterChainDecorator.java:227)
	at org.springframework.security.web.ObservationFilterChainDecorator$VirtualFilterChain.doFilter(ObservationFilterChainDecorator.java:137)
	at org.springframework.security.web.session.DisableEncodeUrlFilter.doFilterInternal(DisableEncodeUrlFilter.java:42)
	at org.springframework.web.filter.OncePerRequestFilter.doFilter(OncePerRequestFilter.java:116)
	at org.springframework.security.web.ObservationFilterChainDecorator$ObservationFilter.wrapFilter(ObservationFilterChainDecorator.java:240)
	at org.springframework.security.web.ObservationFilterChainDecorator$AroundFilterObservation$SimpleAroundFilterObservation.lambda$wrap$0(ObservationFilterChainDecorator.java:323)
	at org.springframework.security.web.ObservationFilterChainDecorator$ObservationFilter.doFilter(ObservationFilterChainDecorator.java:224)
	at org.springframework.security.web.ObservationFilterChainDecorator$VirtualFilterChain.doFilter(ObservationFilterChainDecorator.java:137)
	at org.springframework.security.web.FilterChainProxy.doFilterInternal(FilterChainProxy.java:233)
	at org.springframework.security.web.FilterChainProxy.doFilter(FilterChainProxy.java:191)
	at org.springframework.web.filter.CompositeFilter$VirtualFilterChain.doFilter(CompositeFilter.java:113)
	at org.springframework.web.servlet.handler.HandlerMappingIntrospector.lambda$createCacheFilter$3(HandlerMappingIntrospector.java:243)
	at org.springframework.web.filter.CompositeFilter$VirtualFilterChain.doFilter(CompositeFilter.java:113)
	at org.springframework.web.filter.CompositeFilter.doFilter(CompositeFilter.java:74)
	at org.springframework.security.config.annotation.web.configuration.WebMvcSecurityConfiguration$CompositeFilterChainProxy.doFilter(WebMvcSecurityConfiguration.java:238)
	at org.springframework.web.filter.DelegatingFilterProxy.invokeDelegate(DelegatingFilterProxy.java:362)
	at org.springframework.web.filter.DelegatingFilterProxy.doFilter(DelegatingFilterProxy.java:278)
	at org.apache.catalina.core.ApplicationFilterChain.internalDoFilter(ApplicationFilterChain.java:164)
	at org.apache.catalina.core.ApplicationFilterChain.doFilter(ApplicationFilterChain.java:140)
	at org.springframework.web.filter.RequestContextFilter.doFilterInternal(RequestContextFilter.java:100)
	at org.springframework.web.filter.OncePerRequestFilter.doFilter(OncePerRequestFilter.java:116)
	at org.apache.catalina.core.ApplicationFilterChain.internalDoFilter(ApplicationFilterChain.java:164)
	at org.apache.catalina.core.ApplicationFilterChain.doFilter(ApplicationFilterChain.java:140)
	at org.springframework.web.filter.FormContentFilter.doFilterInternal(FormContentFilter.java:93)
	at org.springframework.web.filter.OncePerRequestFilter.doFilter(OncePerRequestFilter.java:116)
	at org.apache.catalina.core.ApplicationFilterChain.internalDoFilter(ApplicationFilterChain.java:164)
	at org.apache.catalina.core.ApplicationFilterChain.doFilter(ApplicationFilterChain.java:140)
	at org.springframework.web.filter.ServerHttpObservationFilter.doFilterInternal(ServerHttpObservationFilter.java:114)
	at org.springframework.web.filter.OncePerRequestFilter.doFilter(OncePerRequestFilter.java:116)
	at org.apache.catalina.core.ApplicationFilterChain.internalDoFilter(ApplicationFilterChain.java:164)
	at org.apache.catalina.core.ApplicationFilterChain.doFilter(ApplicationFilterChain.java:140)
	at org.springframework.web.filter.CharacterEncodingFilter.doFilterInternal(CharacterEncodingFilter.java:201)
	at org.springframework.web.filter.OncePerRequestFilter.doFilter(OncePerRequestFilter.java:116)
	at org.apache.catalina.core.ApplicationFilterChain.internalDoFilter(ApplicationFilterChain.java:164)
	at org.apache.catalina.core.ApplicationFilterChain.doFilter(ApplicationFilterChain.java:140)
	at org.apache.catalina.core.StandardWrapperValve.invoke(StandardWrapperValve.java:167)
	at org.apache.catalina.core.StandardContextValve.invoke(StandardContextValve.java:90)
	at org.apache.catalina.authenticator.AuthenticatorBase.invoke(AuthenticatorBase.java:483)
	at org.apache.catalina.core.StandardHostValve.invoke(StandardHostValve.java:115)
	at org.apache.catalina.valves.ErrorReportValve.invoke(ErrorReportValve.java:93)
	at org.apache.catalina.core.StandardEngineValve.invoke(StandardEngineValve.java:74)
	at org.apache.catalina.connector.CoyoteAdapter.service(CoyoteAdapter.java:344)
	at org.apache.coyote.http11.Http11Processor.service(Http11Processor.java:397)
	at org.apache.coyote.AbstractProcessorLight.process(AbstractProcessorLight.java:63)
	at org.apache.coyote.AbstractProtocol$ConnectionHandler.process(AbstractProtocol.java:905)
	at org.apache.tomcat.util.net.NioEndpoint$SocketProcessor.doRun(NioEndpoint.java:1741)
	at org.apache.tomcat.util.net.SocketProcessorBase.run(SocketProcessorBase.java:52)
	at org.apache.tomcat.util.threads.ThreadPoolExecutor.runWorker(ThreadPoolExecutor.java:1190)
	at org.apache.tomcat.util.threads.ThreadPoolExecutor$Worker.run(ThreadPoolExecutor.java:659)
	at org.apache.tomcat.util.threads.TaskThread$WrappingRunnable.run(TaskThread.java:63)
	at java.base/java.lang.Thread.run(Thread.java:1583)

2025-12-05 17:59:00.996  INFO 13968 --- [MessageBroker-1] o.s.w.s.c.WebSocketMessageBrokerStats    : WebSocketSession[0 current WS(0)-HttpStream(0)-HttpPoll(0), 0 total, 0 closed abnormally (0 connect failure, 0 send limit, 0 transport error)], stompSubProtocol[processed CONNECT(0)-CONNECTED(0)-DISCONNECT(0)], stompBrokerRelay[null], inboundChannel[pool size = 0, active threads = 0, queued tasks = 0, completed tasks = 0], outboundChannel[pool size = 0, active threads = 0, queued tasks = 0, completed tasks = 0], sockJsScheduler[pool size = 1, active threads = 1, queued tasks = 0, completed tasks = 0]
2025-12-05 18:02:18.741  INFO 13968 --- [http-nio-9000-exec-3] com.instagram.common.aop.LoggingAspect   : [UserController.signUp()] 요청 / ip : 0:0:0:0:0:0:0:1
2025-12-05 18:02:18.742  INFO 13968 --- [http-nio-9000-exec-3] com.instagram.common.aop.LoggingAspect   : ========== UserServiceImpl.signUp() 서비스 호출 ==========
2025-12-05 18:02:18.742  INFO 13968 --- [http-nio-9000-exec-3] com.instagram.common.aop.LoggingAspect   : Parameter : [User(userId=0, userName=길동, userEmail=hong@email.com, userPassword=qwer1234!, userFullname=홍길동, userAvatar=null, createdAt=null, updatedAt=null)]
2025-12-05 18:02:18.853  INFO 13968 --- [http-nio-9000-exec-3] c.i.user.model.service.UserServiceImpl   : 회원가입 완료 - 이메일: hong@email.com, 사용자명: 길동
2025-12-05 18:02:18.854  INFO 13968 --- [http-nio-9000-exec-3] com.instagram.common.aop.LoggingAspect   : Running Time : 112ms
2025-12-05 18:02:18.854  INFO 13968 --- [http-nio-9000-exec-3] com.instagram.common.aop.LoggingAspect   : ===================================================================================
2025-12-05 18:03:28.809  INFO 13968 --- [http-nio-9000-exec-5] com.instagram.common.aop.LoggingAspect   : [UserController.login()] 요청 / ip : 0:0:0:0:0:0:0:1
2025-12-05 18:03:28.809  INFO 13968 --- [http-nio-9000-exec-5] com.instagram.common.aop.LoggingAspect   : ========== UserServiceImpl.login() 서비스 호출 ==========
2025-12-05 18:03:28.809  INFO 13968 --- [http-nio-9000-exec-5] com.instagram.common.aop.LoggingAspect   : Parameter : [, qwer1234!]
2025-12-05 18:03:28.812  WARN 13968 --- [http-nio-9000-exec-5] c.i.user.model.service.UserServiceImpl   : 로그인 실패 - 존재하지 않는 이메일 : 
2025-12-05 18:03:28.812  INFO 13968 --- [http-nio-9000-exec-5] com.instagram.common.aop.LoggingAspect   : Running Time : 3ms
2025-12-05 18:03:28.812  INFO 13968 --- [http-nio-9000-exec-5] com.instagram.common.aop.LoggingAspect   : ===================================================================================
2025-12-05 18:04:25.323  INFO 13968 --- [http-nio-9000-exec-6] com.instagram.common.aop.LoggingAspect   : [UserController.login()] 요청 / ip : 0:0:0:0:0:0:0:1
2025-12-05 18:04:25.323  INFO 13968 --- [http-nio-9000-exec-6] com.instagram.common.aop.LoggingAspect   : ========== UserServiceImpl.login() 서비스 호출 ==========
2025-12-05 18:04:25.323  INFO 13968 --- [http-nio-9000-exec-6] com.instagram.common.aop.LoggingAspect   : Parameter : [, qwer1234!]
2025-12-05 18:04:25.325  WARN 13968 --- [http-nio-9000-exec-6] c.i.user.model.service.UserServiceImpl   : 로그인 실패 - 존재하지 않는 이메일 : 
2025-12-05 18:04:25.325  INFO 13968 --- [http-nio-9000-exec-6] com.instagram.common.aop.LoggingAspect   : Running Time : 1ms
2025-12-05 18:04:25.325  INFO 13968 --- [http-nio-9000-exec-6] com.instagram.common.aop.LoggingAspect   : ===================================================================================
2025-12-05 18:05:44.399  INFO 13968 --- [http-nio-9000-exec-8] com.instagram.common.aop.LoggingAspect   : [UserController.login()] 요청 / ip : 0:0:0:0:0:0:0:1
2025-12-05 18:05:44.399  INFO 13968 --- [http-nio-9000-exec-8] com.instagram.common.aop.LoggingAspect   : ========== UserServiceImpl.login() 서비스 호출 ==========
2025-12-05 18:05:44.399  INFO 13968 --- [http-nio-9000-exec-8] com.instagram.common.aop.LoggingAspect   : Parameter : [hong@email.com, qwer1234!]
2025-12-05 18:05:44.403  WARN 13968 --- [http-nio-9000-exec-8] o.s.s.c.bcrypt.BCryptPasswordEncoder     : Empty encoded password
2025-12-05 18:05:44.403  WARN 13968 --- [http-nio-9000-exec-8] c.i.user.model.service.UserServiceImpl   : 로그인 실패 - 잘못된 비밀번호 : hong@email.com
2025-12-05 18:05:44.403  INFO 13968 --- [http-nio-9000-exec-8] com.instagram.common.aop.LoggingAspect   : Running Time : 4ms
2025-12-05 18:05:44.403  INFO 13968 --- [http-nio-9000-exec-8] com.instagram.common.aop.LoggingAspect   : ===================================================================================
2025-12-05 18:06:04.219  INFO 13968 --- [http-nio-9000-exec-9] com.instagram.common.aop.LoggingAspect   : [UserController.login()] 요청 / ip : 0:0:0:0:0:0:0:1
2025-12-05 18:06:04.220  INFO 13968 --- [http-nio-9000-exec-9] com.instagram.common.aop.LoggingAspect   : ========== UserServiceImpl.login() 서비스 호출 ==========
2025-12-05 18:06:04.220  INFO 13968 --- [http-nio-9000-exec-9] com.instagram.common.aop.LoggingAspect   : Parameter : [hong@email.com, qwer1234]
2025-12-05 18:06:04.221  WARN 13968 --- [http-nio-9000-exec-9] o.s.s.c.bcrypt.BCryptPasswordEncoder     : Empty encoded password
2025-12-05 18:06:04.221  WARN 13968 --- [http-nio-9000-exec-9] c.i.user.model.service.UserServiceImpl   : 로그인 실패 - 잘못된 비밀번호 : hong@email.com
2025-12-05 18:06:04.221  INFO 13968 --- [http-nio-9000-exec-9] com.instagram.common.aop.LoggingAspect   : Running Time : 1ms
2025-12-05 18:06:04.221  INFO 13968 --- [http-nio-9000-exec-9] com.instagram.common.aop.LoggingAspect   : ===================================================================================
2025-12-05 18:06:33.372  INFO 13968 --- [http-nio-9000-exec-10] com.instagram.common.aop.LoggingAspect   : [UserController.signUp()] 요청 / ip : 0:0:0:0:0:0:0:1
2025-12-05 18:06:33.372  INFO 13968 --- [http-nio-9000-exec-10] com.instagram.common.aop.LoggingAspect   : ========== UserServiceImpl.signUp() 서비스 호출 ==========
2025-12-05 18:06:33.373  INFO 13968 --- [http-nio-9000-exec-10] com.instagram.common.aop.LoggingAspect   : Parameter : [User(userId=0, userName=테스트, userEmail=test@test.com, userPassword=test1234, userFullname=테스트, userAvatar=null, createdAt=null, updatedAt=null)]
2025-12-05 18:06:33.468  INFO 13968 --- [http-nio-9000-exec-10] c.i.user.model.service.UserServiceImpl   : 회원가입 완료 - 이메일: test@test.com, 사용자명: 테스트
2025-12-05 18:06:33.468  INFO 13968 --- [http-nio-9000-exec-10] com.instagram.common.aop.LoggingAspect   : Running Time : 95ms
2025-12-05 18:06:33.469  INFO 13968 --- [http-nio-9000-exec-10] com.instagram.common.aop.LoggingAspect   : ===================================================================================
2025-12-05 18:06:48.249  INFO 13968 --- [http-nio-9000-exec-1] com.instagram.common.aop.LoggingAspect   : [UserController.login()] 요청 / ip : 0:0:0:0:0:0:0:1
2025-12-05 18:06:48.249  INFO 13968 --- [http-nio-9000-exec-1] com.instagram.common.aop.LoggingAspect   : ========== UserServiceImpl.login() 서비스 호출 ==========
2025-12-05 18:06:48.249  INFO 13968 --- [http-nio-9000-exec-1] com.instagram.common.aop.LoggingAspect   : Parameter : [test@test.com, test1234]
2025-12-05 18:06:48.250  WARN 13968 --- [http-nio-9000-exec-1] o.s.s.c.bcrypt.BCryptPasswordEncoder     : Empty encoded password
2025-12-05 18:06:48.251  WARN 13968 --- [http-nio-9000-exec-1] c.i.user.model.service.UserServiceImpl   : 로그인 실패 - 잘못된 비밀번호 : test@test.com
2025-12-05 18:06:48.251  INFO 13968 --- [http-nio-9000-exec-1] com.instagram.common.aop.LoggingAspect   : Running Time : 2ms
2025-12-05 18:06:48.251  INFO 13968 --- [http-nio-9000-exec-1] com.instagram.common.aop.LoggingAspect   : ===================================================================================
2025-12-05 18:09:15.326  INFO 13968 --- [File Watcher] rtingClassPathChangeChangedEventListener : Restarting due to 1 class path change (0 additions, 1 deletion, 0 modifications)
2025-12-05 18:09:15.331  INFO 13968 --- [Thread-5] o.s.b.w.e.tomcat.GracefulShutdown        : Commencing graceful shutdown. Waiting for active requests to complete
2025-12-05 18:09:15.340  INFO 13968 --- [tomcat-shutdown] o.s.b.w.e.tomcat.GracefulShutdown        : Graceful shutdown complete
2025-12-05 18:09:15.346  INFO 13968 --- [Thread-5] o.s.m.s.b.SimpleBrokerMessageHandler     : Stopping...
2025-12-05 18:09:15.346  INFO 13968 --- [Thread-5] o.s.m.s.b.SimpleBrokerMessageHandler     : BrokerAvailabilityEvent[available=false, SimpleBrokerMessageHandler [org.springframework.messaging.simp.broker.DefaultSubscriptionRegistry@522c34a1]]
2025-12-05 18:09:15.346  INFO 13968 --- [Thread-5] o.s.m.s.b.SimpleBrokerMessageHandler     : Stopped.
2025-12-05 18:09:15.354  INFO 13968 --- [Thread-5] j.LocalContainerEntityManagerFactoryBean : Closing JPA EntityManagerFactory for persistence unit 'default'
2025-12-05 18:09:15.358  INFO 13968 --- [Thread-5] com.zaxxer.hikari.HikariDataSource       : MyHikariCP - Shutdown initiated...
2025-12-05 18:09:15.417  INFO 13968 --- [Thread-5] com.zaxxer.hikari.HikariDataSource       : MyHikariCP - Shutdown completed.
2025-12-05 18:09:15.688  INFO 13968 --- [restartedMain] com.instagram.BackEndApplication         : Starting BackEndApplication using Java 21.0.7 with PID 13968 (E:\풀스택 조연희\instagram-clone\back-end\build\classes\java\main started by TJ in E:\풀스택 조연희\instagram-clone\back-end)
2025-12-05 18:09:15.689  INFO 13968 --- [restartedMain] com.instagram.BackEndApplication         : No active profile set, falling back to 1 default profile: "default"
2025-12-05 18:09:16.699  INFO 13968 --- [restartedMain] .s.d.r.c.RepositoryConfigurationDelegate : Bootstrapping Spring Data JPA repositories in DEFAULT mode.
2025-12-05 18:09:16.711  INFO 13968 --- [restartedMain] .s.d.r.c.RepositoryConfigurationDelegate : Finished Spring Data repository scanning in 6 ms. Found 0 JPA repository interfaces.
2025-12-05 18:09:17.450  INFO 13968 --- [restartedMain] o.s.b.w.embedded.tomcat.TomcatWebServer  : Tomcat initialized with port 9000 (http)
2025-12-05 18:09:17.455  INFO 13968 --- [restartedMain] o.apache.catalina.core.StandardService   : Starting service [Tomcat]
2025-12-05 18:09:17.455  INFO 13968 --- [restartedMain] o.apache.catalina.core.StandardEngine    : Starting Servlet engine: [Apache Tomcat/10.1.33]
2025-12-05 18:09:17.616  INFO 13968 --- [restartedMain] o.a.c.c.C.[Tomcat].[localhost].[/]       : Initializing Spring embedded WebApplicationContext
2025-12-05 18:09:17.616  INFO 13968 --- [restartedMain] w.s.c.ServletWebServerApplicationContext : Root WebApplicationContext: initialization completed in 1924 ms
2025-12-05 18:09:18.727  INFO 13968 --- [restartedMain] o.hibernate.jpa.internal.util.LogHelper  : HHH000204: Processing PersistenceUnitInfo [name: default]
2025-12-05 18:09:18.743  INFO 13968 --- [restartedMain] o.h.c.internal.RegionFactoryInitiator    : HHH000026: Second-level cache disabled
2025-12-05 18:09:18.819  INFO 13968 --- [restartedMain] o.s.o.j.p.SpringPersistenceUnitInfo      : No LoadTimeWeaver setup: ignoring JPA class transformer
2025-12-05 18:09:18.819  INFO 13968 --- [restartedMain] com.zaxxer.hikari.HikariDataSource       : MyHikariCP - Starting...
2025-12-05 18:09:18.913  INFO 13968 --- [restartedMain] com.zaxxer.hikari.pool.HikariPool        : MyHikariCP - Added connection org.postgresql.jdbc.PgConnection@15f64b24
2025-12-05 18:09:18.913  INFO 13968 --- [restartedMain] com.zaxxer.hikari.HikariDataSource       : MyHikariCP - Start completed.
2025-12-05 18:09:18.928  INFO 13968 --- [restartedMain] org.hibernate.orm.connections.pooling    : HHH10001005: Database info:
	Database JDBC URL [Connecting through datasource 'HikariDataSource (MyHikariCP)']
	Database driver: undefined/unknown
	Database version: 18.1
	Autocommit mode: undefined/unknown
	Isolation level: undefined/unknown
	Minimum pool size: undefined/unknown
	Maximum pool size: undefined/unknown
2025-12-05 18:09:18.992  INFO 13968 --- [restartedMain] o.h.e.t.j.p.i.JtaPlatformInitiator       : HHH000489: No JTA platform available (set 'hibernate.transaction.jta.platform' to enable JTA platform integration)
2025-12-05 18:09:18.992  INFO 13968 --- [restartedMain] j.LocalContainerEntityManagerFactoryBean : Initialized JPA EntityManagerFactory for persistence unit 'default'
2025-12-05 18:09:20.097  WARN 13968 --- [restartedMain] JpaBaseConfiguration$JpaWebConfiguration : spring.jpa.open-in-view is enabled by default. Therefore, database queries may be performed during view rendering. Explicitly configure spring.jpa.open-in-view to disable this warning
2025-12-05 18:09:20.259  WARN 13968 --- [restartedMain] .s.s.UserDetailsServiceAutoConfiguration : 

Using generated security password: 4e5c7eda-96d8-4693-aafb-77822c7f716b

This generated password is for development use only. Your security configuration must be updated before running your application in production.

2025-12-05 18:09:20.266  INFO 13968 --- [restartedMain] r$InitializeUserDetailsManagerConfigurer : Global AuthenticationManager configured with UserDetailsService bean with name inMemoryUserDetailsManager
2025-12-05 18:09:21.055  WARN 13968 --- [restartedMain] ion$DefaultTemplateResolverConfiguration : Cannot find template location: classpath:/templates/ (please add some templates, check your Thymeleaf configuration, or set spring.thymeleaf.check-template-location=false)
2025-12-05 18:09:21.879  INFO 13968 --- [restartedMain] o.s.b.a.e.web.EndpointLinksResolver      : Exposing 1 endpoint beneath base path '/actuator'
2025-12-05 18:09:21.976  INFO 13968 --- [restartedMain] o.s.b.d.a.OptionalLiveReloadServer       : LiveReload server is running on port 35729
2025-12-05 18:09:22.006  INFO 13968 --- [restartedMain] o.s.m.s.b.SimpleBrokerMessageHandler     : Starting...
2025-12-05 18:09:22.007  INFO 13968 --- [restartedMain] o.s.m.s.b.SimpleBrokerMessageHandler     : BrokerAvailabilityEvent[available=true, SimpleBrokerMessageHandler [org.springframework.messaging.simp.broker.DefaultSubscriptionRegistry@2a8343fd]]
2025-12-05 18:09:22.007  INFO 13968 --- [restartedMain] o.s.m.s.b.SimpleBrokerMessageHandler     : Started.
2025-12-05 18:09:22.009  INFO 13968 --- [restartedMain] o.s.b.w.embedded.tomcat.TomcatWebServer  : Tomcat started on port 9000 (http) with context path '/'
2025-12-05 18:09:22.020  INFO 13968 --- [restartedMain] com.instagram.BackEndApplication         : Started BackEndApplication in 6.387 seconds (process running for 691.392)
2025-12-05 18:09:22.023  INFO 13968 --- [restartedMain] .ConditionEvaluationDeltaLoggingListener : Condition evaluation unchanged
2025-12-05 18:09:23.410  INFO 13968 --- [File Watcher] rtingClassPathChangeChangedEventListener : Restarting due to 1 class path change (1 addition, 0 deletions, 0 modifications)
2025-12-05 18:09:23.412  INFO 13968 --- [Thread-7] o.s.b.w.e.tomcat.GracefulShutdown        : Commencing graceful shutdown. Waiting for active requests to complete
2025-12-05 18:09:23.415  INFO 13968 --- [tomcat-shutdown] o.s.b.w.e.tomcat.GracefulShutdown        : Graceful shutdown complete
2025-12-05 18:09:23.416  INFO 13968 --- [Thread-7] o.s.m.s.b.SimpleBrokerMessageHandler     : Stopping...
2025-12-05 18:09:23.416  INFO 13968 --- [Thread-7] o.s.m.s.b.SimpleBrokerMessageHandler     : BrokerAvailabilityEvent[available=false, SimpleBrokerMessageHandler [org.springframework.messaging.simp.broker.DefaultSubscriptionRegistry@2a8343fd]]
2025-12-05 18:09:23.416  INFO 13968 --- [Thread-7] o.s.m.s.b.SimpleBrokerMessageHandler     : Stopped.
2025-12-05 18:09:23.418  INFO 13968 --- [Thread-7] j.LocalContainerEntityManagerFactoryBean : Closing JPA EntityManagerFactory for persistence unit 'default'
2025-12-05 18:09:23.419  INFO 13968 --- [Thread-7] com.zaxxer.hikari.HikariDataSource       : MyHikariCP - Shutdown initiated...
2025-12-05 18:09:23.422  INFO 13968 --- [Thread-7] com.zaxxer.hikari.HikariDataSource       : MyHikariCP - Shutdown completed.
2025-12-05 18:09:23.517  INFO 13968 --- [restartedMain] com.instagram.BackEndApplication         : Starting BackEndApplication using Java 21.0.7 with PID 13968 (E:\풀스택 조연희\instagram-clone\back-end\build\classes\java\main started by TJ in E:\풀스택 조연희\instagram-clone\back-end)
2025-12-05 18:09:23.518  INFO 13968 --- [restartedMain] com.instagram.BackEndApplication         : No active profile set, falling back to 1 default profile: "default"
2025-12-05 18:09:23.950  INFO 13968 --- [restartedMain] .s.d.r.c.RepositoryConfigurationDelegate : Bootstrapping Spring Data JPA repositories in DEFAULT mode.
2025-12-05 18:09:23.955  INFO 13968 --- [restartedMain] .s.d.r.c.RepositoryConfigurationDelegate : Finished Spring Data repository scanning in 3 ms. Found 0 JPA repository interfaces.
2025-12-05 18:09:24.226  INFO 13968 --- [restartedMain] o.s.b.w.embedded.tomcat.TomcatWebServer  : Tomcat initialized with port 9000 (http)
2025-12-05 18:09:24.227  INFO 13968 --- [restartedMain] o.apache.catalina.core.StandardService   : Starting service [Tomcat]
2025-12-05 18:09:24.227  INFO 13968 --- [restartedMain] o.apache.catalina.core.StandardEngine    : Starting Servlet engine: [Apache Tomcat/10.1.33]
2025-12-05 18:09:24.253  INFO 13968 --- [restartedMain] o.a.c.c.C.[Tomcat].[localhost].[/]       : Initializing Spring embedded WebApplicationContext
2025-12-05 18:09:24.253  INFO 13968 --- [restartedMain] w.s.c.ServletWebServerApplicationContext : Root WebApplicationContext: initialization completed in 733 ms
2025-12-05 18:09:24.471  INFO 13968 --- [restartedMain] o.hibernate.jpa.internal.util.LogHelper  : HHH000204: Processing PersistenceUnitInfo [name: default]
2025-12-05 18:09:24.474  INFO 13968 --- [restartedMain] o.h.c.internal.RegionFactoryInitiator    : HHH000026: Second-level cache disabled
2025-12-05 18:09:24.484  INFO 13968 --- [restartedMain] o.s.o.j.p.SpringPersistenceUnitInfo      : No LoadTimeWeaver setup: ignoring JPA class transformer
2025-12-05 18:09:24.485  INFO 13968 --- [restartedMain] com.zaxxer.hikari.HikariDataSource       : MyHikariCP - Starting...
2025-12-05 18:09:24.545  INFO 13968 --- [restartedMain] com.zaxxer.hikari.pool.HikariPool        : MyHikariCP - Added connection org.postgresql.jdbc.PgConnection@4cbaf5c0
2025-12-05 18:09:24.545  INFO 13968 --- [restartedMain] com.zaxxer.hikari.HikariDataSource       : MyHikariCP - Start completed.
2025-12-05 18:09:24.557  INFO 13968 --- [restartedMain] org.hibernate.orm.connections.pooling    : HHH10001005: Database info:
	Database JDBC URL [Connecting through datasource 'HikariDataSource (MyHikariCP)']
	Database driver: undefined/unknown
	Database version: 18.1
	Autocommit mode: undefined/unknown
	Isolation level: undefined/unknown
	Minimum pool size: undefined/unknown
	Maximum pool size: undefined/unknown
2025-12-05 18:09:24.574  INFO 13968 --- [restartedMain] o.h.e.t.j.p.i.JtaPlatformInitiator       : HHH000489: No JTA platform available (set 'hibernate.transaction.jta.platform' to enable JTA platform integration)
2025-12-05 18:09:24.575  INFO 13968 --- [restartedMain] j.LocalContainerEntityManagerFactoryBean : Initialized JPA EntityManagerFactory for persistence unit 'default'
2025-12-05 18:09:24.823  WARN 13968 --- [restartedMain] JpaBaseConfiguration$JpaWebConfiguration : spring.jpa.open-in-view is enabled by default. Therefore, database queries may be performed during view rendering. Explicitly configure spring.jpa.open-in-view to disable this warning
2025-12-05 18:09:24.907  WARN 13968 --- [restartedMain] .s.s.UserDetailsServiceAutoConfiguration : 

Using generated security password: 61156d3f-21bb-401b-8927-97b4056a2020

This generated password is for development use only. Your security configuration must be updated before running your application in production.

2025-12-05 18:09:24.911  INFO 13968 --- [restartedMain] r$InitializeUserDetailsManagerConfigurer : Global AuthenticationManager configured with UserDetailsService bean with name inMemoryUserDetailsManager
2025-12-05 18:09:25.493  WARN 13968 --- [restartedMain] ion$DefaultTemplateResolverConfiguration : Cannot find template location: classpath:/templates/ (please add some templates, check your Thymeleaf configuration, or set spring.thymeleaf.check-template-location=false)
2025-12-05 18:09:26.195  INFO 13968 --- [restartedMain] o.s.b.a.e.web.EndpointLinksResolver      : Exposing 1 endpoint beneath base path '/actuator'
2025-12-05 18:09:26.287  INFO 13968 --- [restartedMain] o.s.b.d.a.OptionalLiveReloadServer       : LiveReload server is running on port 35729
2025-12-05 18:09:26.315  INFO 13968 --- [restartedMain] o.s.m.s.b.SimpleBrokerMessageHandler     : Starting...
2025-12-05 18:09:26.316  INFO 13968 --- [restartedMain] o.s.m.s.b.SimpleBrokerMessageHandler     : BrokerAvailabilityEvent[available=true, SimpleBrokerMessageHandler [org.springframework.messaging.simp.broker.DefaultSubscriptionRegistry@4627a33d]]
2025-12-05 18:09:26.316  INFO 13968 --- [restartedMain] o.s.m.s.b.SimpleBrokerMessageHandler     : Started.
2025-12-05 18:09:26.319  INFO 13968 --- [restartedMain] o.s.b.w.embedded.tomcat.TomcatWebServer  : Tomcat started on port 9000 (http) with context path '/'
2025-12-05 18:09:26.329  INFO 13968 --- [restartedMain] com.instagram.BackEndApplication         : Started BackEndApplication in 2.843 seconds (process running for 695.7)
2025-12-05 18:09:26.331  INFO 13968 --- [restartedMain] .ConditionEvaluationDeltaLoggingListener : Condition evaluation unchanged
2025-12-05 18:09:41.049  INFO 13968 --- [File Watcher] rtingClassPathChangeChangedEventListener : Restarting due to 1 class path change (0 additions, 0 deletions, 1 modification)
2025-12-05 18:09:41.051  INFO 13968 --- [Thread-11] o.s.b.w.e.tomcat.GracefulShutdown        : Commencing graceful shutdown. Waiting for active requests to complete
2025-12-05 18:09:41.053  INFO 13968 --- [tomcat-shutdown] o.s.b.w.e.tomcat.GracefulShutdown        : Graceful shutdown complete
2025-12-05 18:09:41.054  INFO 13968 --- [Thread-11] o.s.m.s.b.SimpleBrokerMessageHandler     : Stopping...
2025-12-05 18:09:41.055  INFO 13968 --- [Thread-11] o.s.m.s.b.SimpleBrokerMessageHandler     : BrokerAvailabilityEvent[available=false, SimpleBrokerMessageHandler [org.springframework.messaging.simp.broker.DefaultSubscriptionRegistry@4627a33d]]
2025-12-05 18:09:41.055  INFO 13968 --- [Thread-11] o.s.m.s.b.SimpleBrokerMessageHandler     : Stopped.
2025-12-05 18:09:41.057  INFO 13968 --- [Thread-11] j.LocalContainerEntityManagerFactoryBean : Closing JPA EntityManagerFactory for persistence unit 'default'
2025-12-05 18:09:41.058  INFO 13968 --- [Thread-11] com.zaxxer.hikari.HikariDataSource       : MyHikariCP - Shutdown initiated...
2025-12-05 18:09:41.061  INFO 13968 --- [Thread-11] com.zaxxer.hikari.HikariDataSource       : MyHikariCP - Shutdown completed.
2025-12-05 18:09:41.146  INFO 13968 --- [restartedMain] com.instagram.BackEndApplication         : Starting BackEndApplication using Java 21.0.7 with PID 13968 (E:\풀스택 조연희\instagram-clone\back-end\build\classes\java\main started by TJ in E:\풀스택 조연희\instagram-clone\back-end)
2025-12-05 18:09:41.147  INFO 13968 --- [restartedMain] com.instagram.BackEndApplication         : No active profile set, falling back to 1 default profile: "default"
2025-12-05 18:09:41.539  INFO 13968 --- [restartedMain] .s.d.r.c.RepositoryConfigurationDelegate : Bootstrapping Spring Data JPA repositories in DEFAULT mode.
2025-12-05 18:09:41.544  INFO 13968 --- [restartedMain] .s.d.r.c.RepositoryConfigurationDelegate : Finished Spring Data repository scanning in 3 ms. Found 0 JPA repository interfaces.
2025-12-05 18:09:41.880  INFO 13968 --- [restartedMain] o.s.b.w.embedded.tomcat.TomcatWebServer  : Tomcat initialized with port 9000 (http)
2025-12-05 18:09:41.880  INFO 13968 --- [restartedMain] o.apache.catalina.core.StandardService   : Starting service [Tomcat]
2025-12-05 18:09:41.880  INFO 13968 --- [restartedMain] o.apache.catalina.core.StandardEngine    : Starting Servlet engine: [Apache Tomcat/10.1.33]
2025-12-05 18:09:41.907  INFO 13968 --- [restartedMain] o.a.c.c.C.[Tomcat].[localhost].[/]       : Initializing Spring embedded WebApplicationContext
2025-12-05 18:09:41.907  INFO 13968 --- [restartedMain] w.s.c.ServletWebServerApplicationContext : Root WebApplicationContext: initialization completed in 758 ms
2025-12-05 18:09:42.141  INFO 13968 --- [restartedMain] o.hibernate.jpa.internal.util.LogHelper  : HHH000204: Processing PersistenceUnitInfo [name: default]
2025-12-05 18:09:42.145  INFO 13968 --- [restartedMain] o.h.c.internal.RegionFactoryInitiator    : HHH000026: Second-level cache disabled
2025-12-05 18:09:42.154  INFO 13968 --- [restartedMain] o.s.o.j.p.SpringPersistenceUnitInfo      : No LoadTimeWeaver setup: ignoring JPA class transformer
2025-12-05 18:09:42.155  INFO 13968 --- [restartedMain] com.zaxxer.hikari.HikariDataSource       : MyHikariCP - Starting...
2025-12-05 18:09:42.226  INFO 13968 --- [restartedMain] com.zaxxer.hikari.pool.HikariPool        : MyHikariCP - Added connection org.postgresql.jdbc.PgConnection@41a8831d
2025-12-05 18:09:42.227  INFO 13968 --- [restartedMain] com.zaxxer.hikari.HikariDataSource       : MyHikariCP - Start completed.
2025-12-05 18:09:42.242  INFO 13968 --- [restartedMain] org.hibernate.orm.connections.pooling    : HHH10001005: Database info:
	Database JDBC URL [Connecting through datasource 'HikariDataSource (MyHikariCP)']
	Database driver: undefined/unknown
	Database version: 18.1
	Autocommit mode: undefined/unknown
	Isolation level: undefined/unknown
	Minimum pool size: undefined/unknown
	Maximum pool size: undefined/unknown
2025-12-05 18:09:42.267  INFO 13968 --- [restartedMain] o.h.e.t.j.p.i.JtaPlatformInitiator       : HHH000489: No JTA platform available (set 'hibernate.transaction.jta.platform' to enable JTA platform integration)
2025-12-05 18:09:42.267  INFO 13968 --- [restartedMain] j.LocalContainerEntityManagerFactoryBean : Initialized JPA EntityManagerFactory for persistence unit 'default'
2025-12-05 18:09:42.485  WARN 13968 --- [restartedMain] JpaBaseConfiguration$JpaWebConfiguration : spring.jpa.open-in-view is enabled by default. Therefore, database queries may be performed during view rendering. Explicitly configure spring.jpa.open-in-view to disable this warning
2025-12-05 18:09:42.574  WARN 13968 --- [restartedMain] .s.s.UserDetailsServiceAutoConfiguration : 

Using generated security password: cf2f70df-e406-45c9-9d14-8418c0213e22

This generated password is for development use only. Your security configuration must be updated before running your application in production.

2025-12-05 18:09:42.578  INFO 13968 --- [restartedMain] r$InitializeUserDetailsManagerConfigurer : Global AuthenticationManager configured with UserDetailsService bean with name inMemoryUserDetailsManager
2025-12-05 18:09:43.165  WARN 13968 --- [restartedMain] ion$DefaultTemplateResolverConfiguration : Cannot find template location: classpath:/templates/ (please add some templates, check your Thymeleaf configuration, or set spring.thymeleaf.check-template-location=false)
2025-12-05 18:09:43.957  INFO 13968 --- [restartedMain] o.s.b.a.e.web.EndpointLinksResolver      : Exposing 1 endpoint beneath base path '/actuator'
2025-12-05 18:09:44.050  INFO 13968 --- [restartedMain] o.s.b.d.a.OptionalLiveReloadServer       : LiveReload server is running on port 35729
2025-12-05 18:09:44.077  INFO 13968 --- [restartedMain] o.s.m.s.b.SimpleBrokerMessageHandler     : Starting...
2025-12-05 18:09:44.077  INFO 13968 --- [restartedMain] o.s.m.s.b.SimpleBrokerMessageHandler     : BrokerAvailabilityEvent[available=true, SimpleBrokerMessageHandler [org.springframework.messaging.simp.broker.DefaultSubscriptionRegistry@7141a5db]]
2025-12-05 18:09:44.077  INFO 13968 --- [restartedMain] o.s.m.s.b.SimpleBrokerMessageHandler     : Started.
2025-12-05 18:09:44.083  INFO 13968 --- [restartedMain] o.s.b.w.embedded.tomcat.TomcatWebServer  : Tomcat started on port 9000 (http) with context path '/'
2025-12-05 18:09:44.094  INFO 13968 --- [restartedMain] com.instagram.BackEndApplication         : Started BackEndApplication in 2.979 seconds (process running for 713.466)
2025-12-05 18:09:44.096  INFO 13968 --- [restartedMain] .ConditionEvaluationDeltaLoggingListener : Condition evaluation unchanged
2025-12-05 18:09:47.506  INFO 13968 --- [File Watcher] rtingClassPathChangeChangedEventListener : Restarting due to 5 class path changes (0 additions, 0 deletions, 5 modifications)
2025-12-05 18:09:47.508  INFO 13968 --- [Thread-15] o.s.b.w.e.tomcat.GracefulShutdown        : Commencing graceful shutdown. Waiting for active requests to complete
2025-12-05 18:09:47.511  INFO 13968 --- [tomcat-shutdown] o.s.b.w.e.tomcat.GracefulShutdown        : Graceful shutdown complete
2025-12-05 18:09:47.512  INFO 13968 --- [Thread-15] o.s.m.s.b.SimpleBrokerMessageHandler     : Stopping...
2025-12-05 18:09:47.512  INFO 13968 --- [Thread-15] o.s.m.s.b.SimpleBrokerMessageHandler     : BrokerAvailabilityEvent[available=false, SimpleBrokerMessageHandler [org.springframework.messaging.simp.broker.DefaultSubscriptionRegistry@7141a5db]]
2025-12-05 18:09:47.512  INFO 13968 --- [Thread-15] o.s.m.s.b.SimpleBrokerMessageHandler     : Stopped.
2025-12-05 18:09:47.514  INFO 13968 --- [Thread-15] j.LocalContainerEntityManagerFactoryBean : Closing JPA EntityManagerFactory for persistence unit 'default'
2025-12-05 18:09:47.515  INFO 13968 --- [Thread-15] com.zaxxer.hikari.HikariDataSource       : MyHikariCP - Shutdown initiated...
2025-12-05 18:09:47.521  INFO 13968 --- [Thread-15] com.zaxxer.hikari.HikariDataSource       : MyHikariCP - Shutdown completed.
2025-12-05 18:09:47.608  INFO 13968 --- [restartedMain] com.instagram.BackEndApplication         : Starting BackEndApplication using Java 21.0.7 with PID 13968 (E:\풀스택 조연희\instagram-clone\back-end\build\classes\java\main started by TJ in E:\풀스택 조연희\instagram-clone\back-end)
2025-12-05 18:09:47.608  INFO 13968 --- [restartedMain] com.instagram.BackEndApplication         : No active profile set, falling back to 1 default profile: "default"
2025-12-05 18:09:47.990  INFO 13968 --- [restartedMain] .s.d.r.c.RepositoryConfigurationDelegate : Bootstrapping Spring Data JPA repositories in DEFAULT mode.
2025-12-05 18:09:47.994  INFO 13968 --- [restartedMain] .s.d.r.c.RepositoryConfigurationDelegate : Finished Spring Data repository scanning in 2 ms. Found 0 JPA repository interfaces.
2025-12-05 18:09:48.310  INFO 13968 --- [restartedMain] o.s.b.w.embedded.tomcat.TomcatWebServer  : Tomcat initialized with port 9000 (http)
2025-12-05 18:09:48.311  INFO 13968 --- [restartedMain] o.apache.catalina.core.StandardService   : Starting service [Tomcat]
2025-12-05 18:09:48.311  INFO 13968 --- [restartedMain] o.apache.catalina.core.StandardEngine    : Starting Servlet engine: [Apache Tomcat/10.1.33]
2025-12-05 18:09:48.338  INFO 13968 --- [restartedMain] o.a.c.c.C.[Tomcat].[localhost].[/]       : Initializing Spring embedded WebApplicationContext
2025-12-05 18:09:48.338  INFO 13968 --- [restartedMain] w.s.c.ServletWebServerApplicationContext : Root WebApplicationContext: initialization completed in 729 ms
2025-12-05 18:09:48.567  INFO 13968 --- [restartedMain] o.hibernate.jpa.internal.util.LogHelper  : HHH000204: Processing PersistenceUnitInfo [name: default]
2025-12-05 18:09:48.571  INFO 13968 --- [restartedMain] o.h.c.internal.RegionFactoryInitiator    : HHH000026: Second-level cache disabled
2025-12-05 18:09:48.579  INFO 13968 --- [restartedMain] o.s.o.j.p.SpringPersistenceUnitInfo      : No LoadTimeWeaver setup: ignoring JPA class transformer
2025-12-05 18:09:48.581  INFO 13968 --- [restartedMain] com.zaxxer.hikari.HikariDataSource       : MyHikariCP - Starting...
2025-12-05 18:09:48.753  INFO 13968 --- [restartedMain] com.zaxxer.hikari.pool.HikariPool        : MyHikariCP - Added connection org.postgresql.jdbc.PgConnection@585b41c7
2025-12-05 18:09:48.754  INFO 13968 --- [restartedMain] com.zaxxer.hikari.HikariDataSource       : MyHikariCP - Start completed.
2025-12-05 18:09:48.765  INFO 13968 --- [restartedMain] org.hibernate.orm.connections.pooling    : HHH10001005: Database info:
	Database JDBC URL [Connecting through datasource 'HikariDataSource (MyHikariCP)']
	Database driver: undefined/unknown
	Database version: 18.1
	Autocommit mode: undefined/unknown
	Isolation level: undefined/unknown
	Minimum pool size: undefined/unknown
	Maximum pool size: undefined/unknown
2025-12-05 18:09:48.785  INFO 13968 --- [restartedMain] o.h.e.t.j.p.i.JtaPlatformInitiator       : HHH000489: No JTA platform available (set 'hibernate.transaction.jta.platform' to enable JTA platform integration)
2025-12-05 18:09:48.785  INFO 13968 --- [restartedMain] j.LocalContainerEntityManagerFactoryBean : Initialized JPA EntityManagerFactory for persistence unit 'default'
2025-12-05 18:09:49.008  WARN 13968 --- [restartedMain] JpaBaseConfiguration$JpaWebConfiguration : spring.jpa.open-in-view is enabled by default. Therefore, database queries may be performed during view rendering. Explicitly configure spring.jpa.open-in-view to disable this warning
2025-12-05 18:09:49.097  WARN 13968 --- [restartedMain] .s.s.UserDetailsServiceAutoConfiguration : 

Using generated security password: 0bc0a7fc-45b3-4099-b75b-d4ccfc78889d

This generated password is for development use only. Your security configuration must be updated before running your application in production.

2025-12-05 18:09:49.102  INFO 13968 --- [restartedMain] r$InitializeUserDetailsManagerConfigurer : Global AuthenticationManager configured with UserDetailsService bean with name inMemoryUserDetailsManager
2025-12-05 18:09:49.677  WARN 13968 --- [restartedMain] ion$DefaultTemplateResolverConfiguration : Cannot find template location: classpath:/templates/ (please add some templates, check your Thymeleaf configuration, or set spring.thymeleaf.check-template-location=false)
2025-12-05 18:09:51.285  INFO 13968 --- [restartedMain] o.s.b.a.e.web.EndpointLinksResolver      : Exposing 1 endpoint beneath base path '/actuator'
2025-12-05 18:09:51.458  INFO 13968 --- [restartedMain] o.s.b.d.a.OptionalLiveReloadServer       : LiveReload server is running on port 35729
2025-12-05 18:09:51.508  INFO 13968 --- [restartedMain] o.s.m.s.b.SimpleBrokerMessageHandler     : Starting...
2025-12-05 18:09:51.508  INFO 13968 --- [restartedMain] o.s.m.s.b.SimpleBrokerMessageHandler     : BrokerAvailabilityEvent[available=true, SimpleBrokerMessageHandler [org.springframework.messaging.simp.broker.DefaultSubscriptionRegistry@7af26b56]]
2025-12-05 18:09:51.508  INFO 13968 --- [restartedMain] o.s.m.s.b.SimpleBrokerMessageHandler     : Started.
2025-12-05 18:09:51.511  INFO 13968 --- [restartedMain] o.s.b.w.embedded.tomcat.TomcatWebServer  : Tomcat started on port 9000 (http) with context path '/'
2025-12-05 18:09:51.521  INFO 13968 --- [restartedMain] com.instagram.BackEndApplication         : Started BackEndApplication in 3.943 seconds (process running for 720.892)
2025-12-05 18:09:51.523  INFO 13968 --- [restartedMain] .ConditionEvaluationDeltaLoggingListener : Condition evaluation unchanged
2025-12-05 18:09:53.868  INFO 13968 --- [SpringApplicationShutdownHook] o.s.b.w.e.tomcat.GracefulShutdown        : Commencing graceful shutdown. Waiting for active requests to complete
2025-12-05 18:09:53.870  INFO 13968 --- [tomcat-shutdown] o.s.b.w.e.tomcat.GracefulShutdown        : Graceful shutdown complete
2025-12-05 18:09:53.872  INFO 13968 --- [SpringApplicationShutdownHook] o.s.m.s.b.SimpleBrokerMessageHandler     : Stopping...
2025-12-05 18:09:53.872  INFO 13968 --- [SpringApplicationShutdownHook] o.s.m.s.b.SimpleBrokerMessageHandler     : BrokerAvailabilityEvent[available=false, SimpleBrokerMessageHandler [org.springframework.messaging.simp.broker.DefaultSubscriptionRegistry@7af26b56]]
2025-12-05 18:09:53.872  INFO 13968 --- [SpringApplicationShutdownHook] o.s.m.s.b.SimpleBrokerMessageHandler     : Stopped.
2025-12-05 18:09:53.874  INFO 13968 --- [SpringApplicationShutdownHook] j.LocalContainerEntityManagerFactoryBean : Closing JPA EntityManagerFactory for persistence unit 'default'
2025-12-05 18:09:53.875  INFO 13968 --- [SpringApplicationShutdownHook] com.zaxxer.hikari.HikariDataSource       : MyHikariCP - Shutdown initiated...
2025-12-05 18:09:53.881  INFO 13968 --- [SpringApplicationShutdownHook] com.zaxxer.hikari.HikariDataSource       : MyHikariCP - Shutdown completed.
2025-12-05 18:09:57.646  INFO 15320 --- [restartedMain] com.instagram.BackEndApplication         : Starting BackEndApplication using Java 21.0.7 with PID 15320 (E:\풀스택 조연희\instagram-clone\back-end\build\classes\java\main started by TJ in E:\풀스택 조연희\instagram-clone\back-end)
2025-12-05 18:09:57.648  INFO 15320 --- [restartedMain] com.instagram.BackEndApplication         : No active profile set, falling back to 1 default profile: "default"
2025-12-05 18:09:57.694  INFO 15320 --- [restartedMain] .e.DevToolsPropertyDefaultsPostProcessor : Devtools property defaults active! Set 'spring.devtools.add-properties' to 'false' to disable
2025-12-05 18:09:57.694  INFO 15320 --- [restartedMain] .e.DevToolsPropertyDefaultsPostProcessor : For additional web related logging consider setting the 'logging.level.web' property to 'DEBUG'
2025-12-05 18:09:59.210  INFO 15320 --- [restartedMain] .s.d.r.c.RepositoryConfigurationDelegate : Bootstrapping Spring Data JPA repositories in DEFAULT mode.
2025-12-05 18:09:59.230  INFO 15320 --- [restartedMain] .s.d.r.c.RepositoryConfigurationDelegate : Finished Spring Data repository scanning in 9 ms. Found 0 JPA repository interfaces.
2025-12-05 18:10:00.608  INFO 15320 --- [restartedMain] o.s.b.w.embedded.tomcat.TomcatWebServer  : Tomcat initialized with port 9000 (http)
2025-12-05 18:10:00.626  INFO 15320 --- [restartedMain] o.apache.catalina.core.StandardService   : Starting service [Tomcat]
2025-12-05 18:10:00.626  INFO 15320 --- [restartedMain] o.apache.catalina.core.StandardEngine    : Starting Servlet engine: [Apache Tomcat/10.1.33]
2025-12-05 18:10:00.691  INFO 15320 --- [restartedMain] o.a.c.c.C.[Tomcat].[localhost].[/]       : Initializing Spring embedded WebApplicationContext
2025-12-05 18:10:00.691  INFO 15320 --- [restartedMain] w.s.c.ServletWebServerApplicationContext : Root WebApplicationContext: initialization completed in 2996 ms
2025-12-05 18:10:01.149  INFO 15320 --- [restartedMain] o.hibernate.jpa.internal.util.LogHelper  : HHH000204: Processing PersistenceUnitInfo [name: default]
2025-12-05 18:10:01.218  INFO 15320 --- [restartedMain] org.hibernate.Version                    : HHH000412: Hibernate ORM core version 6.6.2.Final
2025-12-05 18:10:01.268  INFO 15320 --- [restartedMain] o.h.c.internal.RegionFactoryInitiator    : HHH000026: Second-level cache disabled
2025-12-05 18:10:01.711  INFO 15320 --- [restartedMain] o.s.o.j.p.SpringPersistenceUnitInfo      : No LoadTimeWeaver setup: ignoring JPA class transformer
2025-12-05 18:10:01.748  INFO 15320 --- [restartedMain] com.zaxxer.hikari.HikariDataSource       : MyHikariCP - Starting...
2025-12-05 18:10:01.932  INFO 15320 --- [restartedMain] com.zaxxer.hikari.pool.HikariPool        : MyHikariCP - Added connection org.postgresql.jdbc.PgConnection@13d96a6c
2025-12-05 18:10:01.934  INFO 15320 --- [restartedMain] com.zaxxer.hikari.HikariDataSource       : MyHikariCP - Start completed.
2025-12-05 18:10:02.010  INFO 15320 --- [restartedMain] org.hibernate.orm.connections.pooling    : HHH10001005: Database info:
	Database JDBC URL [Connecting through datasource 'HikariDataSource (MyHikariCP)']
	Database driver: undefined/unknown
	Database version: 18.1
	Autocommit mode: undefined/unknown
	Isolation level: undefined/unknown
	Minimum pool size: undefined/unknown
	Maximum pool size: undefined/unknown
2025-12-05 18:10:02.430  INFO 15320 --- [restartedMain] o.h.e.t.j.p.i.JtaPlatformInitiator       : HHH000489: No JTA platform available (set 'hibernate.transaction.jta.platform' to enable JTA platform integration)
2025-12-05 18:10:02.435  INFO 15320 --- [restartedMain] j.LocalContainerEntityManagerFactoryBean : Initialized JPA EntityManagerFactory for persistence unit 'default'
2025-12-05 18:10:02.986  WARN 15320 --- [restartedMain] JpaBaseConfiguration$JpaWebConfiguration : spring.jpa.open-in-view is enabled by default. Therefore, database queries may be performed during view rendering. Explicitly configure spring.jpa.open-in-view to disable this warning
2025-12-05 18:10:03.108  WARN 15320 --- [restartedMain] .s.s.UserDetailsServiceAutoConfiguration : 

Using generated security password: 0d36f317-a520-4dad-8df5-35d596ed8410

This generated password is for development use only. Your security configuration must be updated before running your application in production.

2025-12-05 18:10:03.120  INFO 15320 --- [restartedMain] r$InitializeUserDetailsManagerConfigurer : Global AuthenticationManager configured with UserDetailsService bean with name inMemoryUserDetailsManager
2025-12-05 18:10:04.122  WARN 15320 --- [restartedMain] ion$DefaultTemplateResolverConfiguration : Cannot find template location: classpath:/templates/ (please add some templates, check your Thymeleaf configuration, or set spring.thymeleaf.check-template-location=false)
2025-12-05 18:10:05.159  INFO 15320 --- [restartedMain] o.s.b.a.e.web.EndpointLinksResolver      : Exposing 1 endpoint beneath base path '/actuator'
2025-12-05 18:10:05.290  INFO 15320 --- [restartedMain] o.s.b.d.a.OptionalLiveReloadServer       : LiveReload server is running on port 35729
2025-12-05 18:10:05.365  INFO 15320 --- [restartedMain] o.s.m.s.b.SimpleBrokerMessageHandler     : Starting...
2025-12-05 18:10:05.366  INFO 15320 --- [restartedMain] o.s.m.s.b.SimpleBrokerMessageHandler     : BrokerAvailabilityEvent[available=true, SimpleBrokerMessageHandler [org.springframework.messaging.simp.broker.DefaultSubscriptionRegistry@1144b8f1]]
2025-12-05 18:10:05.367  INFO 15320 --- [restartedMain] o.s.m.s.b.SimpleBrokerMessageHandler     : Started.
2025-12-05 18:10:05.385  INFO 15320 --- [restartedMain] o.s.b.w.embedded.tomcat.TomcatWebServer  : Tomcat started on port 9000 (http) with context path '/'
2025-12-05 18:10:05.400  INFO 15320 --- [restartedMain] com.instagram.BackEndApplication         : Started BackEndApplication in 8.317 seconds (process running for 9.2)
2025-12-05 18:10:05.994  INFO 15320 --- [RMI TCP Connection(1)-192.168.0.69] o.a.c.c.C.[Tomcat].[localhost].[/]       : Initializing Spring DispatcherServlet 'dispatcherServlet'
2025-12-05 18:10:05.994  INFO 15320 --- [RMI TCP Connection(1)-192.168.0.69] o.s.web.servlet.DispatcherServlet        : Initializing Servlet 'dispatcherServlet'
2025-12-05 18:10:05.998  INFO 15320 --- [RMI TCP Connection(1)-192.168.0.69] o.s.web.servlet.DispatcherServlet        : Completed initialization in 4 ms
2025-12-05 18:10:12.580  INFO 15320 --- [http-nio-9000-exec-1] com.instagram.common.aop.LoggingAspect   : [UserController.login()] 요청 / ip : 0:0:0:0:0:0:0:1
2025-12-05 18:10:12.581  INFO 15320 --- [http-nio-9000-exec-1] com.instagram.common.aop.LoggingAspect   : ========== UserServiceImpl.login() 서비스 호출 ==========
2025-12-05 18:10:12.581  INFO 15320 --- [http-nio-9000-exec-1] com.instagram.common.aop.LoggingAspect   : Parameter : [hong@email.com, qwer1234!]
2025-12-05 18:10:12.706  INFO 15320 --- [http-nio-9000-exec-1] c.i.user.model.service.UserServiceImpl   : 로그인성공 - 이메일 : hong@email.com
2025-12-05 18:10:12.706  INFO 15320 --- [http-nio-9000-exec-1] com.instagram.common.aop.LoggingAspect   : Running Time : 125ms
2025-12-05 18:10:12.706  INFO 15320 --- [http-nio-9000-exec-1] com.instagram.common.aop.LoggingAspect   : ===================================================================================
2025-12-05 18:10:12.808  INFO 15320 --- [http-nio-9000-exec-1] c.i.user.controller.UserController       : 로그인 성공 - 이메일 : hong@email.com
