2025-12-12 09:29:38.497  INFO 10204 --- [restartedMain] com.instagram.BackEndApplication         : Starting BackEndApplication using Java 21.0.7 with PID 10204 (E:\풀스택 조연희\instagram-clone\back-end\build\classes\java\main started by TJ in E:\풀스택 조연희\instagram-clone\back-end)
2025-12-12 09:29:38.501  INFO 10204 --- [restartedMain] com.instagram.BackEndApplication         : No active profile set, falling back to 1 default profile: "default"
2025-12-12 09:29:38.767  INFO 10204 --- [restartedMain] .e.DevToolsPropertyDefaultsPostProcessor : Devtools property defaults active! Set 'spring.devtools.add-properties' to 'false' to disable
2025-12-12 09:29:38.767  INFO 10204 --- [restartedMain] .e.DevToolsPropertyDefaultsPostProcessor : For additional web related logging consider setting the 'logging.level.web' property to 'DEBUG'
2025-12-12 09:29:41.788  INFO 10204 --- [restartedMain] .s.d.r.c.RepositoryConfigurationDelegate : Bootstrapping Spring Data JPA repositories in DEFAULT mode.
2025-12-12 09:29:41.816  INFO 10204 --- [restartedMain] .s.d.r.c.RepositoryConfigurationDelegate : Finished Spring Data repository scanning in 14 ms. Found 0 JPA repository interfaces.
2025-12-12 09:29:43.142  INFO 10204 --- [restartedMain] o.s.b.w.embedded.tomcat.TomcatWebServer  : Tomcat initialized with port 9000 (http)
2025-12-12 09:29:43.160  INFO 10204 --- [restartedMain] o.apache.catalina.core.StandardService   : Starting service [Tomcat]
2025-12-12 09:29:43.161  INFO 10204 --- [restartedMain] o.apache.catalina.core.StandardEngine    : Starting Servlet engine: [Apache Tomcat/10.1.33]
2025-12-12 09:29:43.262  INFO 10204 --- [restartedMain] o.a.c.c.C.[Tomcat].[localhost].[/]       : Initializing Spring embedded WebApplicationContext
2025-12-12 09:29:43.263  INFO 10204 --- [restartedMain] w.s.c.ServletWebServerApplicationContext : Root WebApplicationContext: initialization completed in 4494 ms
2025-12-12 09:29:43.863  INFO 10204 --- [restartedMain] o.hibernate.jpa.internal.util.LogHelper  : HHH000204: Processing PersistenceUnitInfo [name: default]
2025-12-12 09:29:43.977  INFO 10204 --- [restartedMain] org.hibernate.Version                    : HHH000412: Hibernate ORM core version 6.6.2.Final
2025-12-12 09:29:44.027  INFO 10204 --- [restartedMain] o.h.c.internal.RegionFactoryInitiator    : HHH000026: Second-level cache disabled
2025-12-12 09:29:44.482  INFO 10204 --- [restartedMain] o.s.o.j.p.SpringPersistenceUnitInfo      : No LoadTimeWeaver setup: ignoring JPA class transformer
2025-12-12 09:29:44.528  INFO 10204 --- [restartedMain] com.zaxxer.hikari.HikariDataSource       : MyHikariCP - Starting...
2025-12-12 09:29:44.791  INFO 10204 --- [restartedMain] com.zaxxer.hikari.pool.HikariPool        : MyHikariCP - Added connection org.postgresql.jdbc.PgConnection@519a405b
2025-12-12 09:29:44.793  INFO 10204 --- [restartedMain] com.zaxxer.hikari.HikariDataSource       : MyHikariCP - Start completed.
2025-12-12 09:29:44.939  INFO 10204 --- [restartedMain] org.hibernate.orm.connections.pooling    : HHH10001005: Database info:
	Database JDBC URL [Connecting through datasource 'HikariDataSource (MyHikariCP)']
	Database driver: undefined/unknown
	Database version: 18.1
	Autocommit mode: undefined/unknown
	Isolation level: undefined/unknown
	Minimum pool size: undefined/unknown
	Maximum pool size: undefined/unknown
2025-12-12 09:29:45.550  INFO 10204 --- [restartedMain] o.h.e.t.j.p.i.JtaPlatformInitiator       : HHH000489: No JTA platform available (set 'hibernate.transaction.jta.platform' to enable JTA platform integration)
2025-12-12 09:29:45.558  INFO 10204 --- [restartedMain] j.LocalContainerEntityManagerFactoryBean : Initialized JPA EntityManagerFactory for persistence unit 'default'
2025-12-12 09:29:46.485  WARN 10204 --- [restartedMain] JpaBaseConfiguration$JpaWebConfiguration : spring.jpa.open-in-view is enabled by default. Therefore, database queries may be performed during view rendering. Explicitly configure spring.jpa.open-in-view to disable this warning
2025-12-12 09:29:46.616  WARN 10204 --- [restartedMain] .s.s.UserDetailsServiceAutoConfiguration : 

Using generated security password: c808d13f-97b6-437f-bff3-b3a2f563bf11

This generated password is for development use only. Your security configuration must be updated before running your application in production.

2025-12-12 09:29:46.629  INFO 10204 --- [restartedMain] r$InitializeUserDetailsManagerConfigurer : Global AuthenticationManager configured with UserDetailsService bean with name inMemoryUserDetailsManager
2025-12-12 09:29:48.850  WARN 10204 --- [restartedMain] ion$DefaultTemplateResolverConfiguration : Cannot find template location: classpath:/templates/ (please add some templates, check your Thymeleaf configuration, or set spring.thymeleaf.check-template-location=false)
2025-12-12 09:29:52.606  INFO 10204 --- [restartedMain] o.s.b.a.e.web.EndpointLinksResolver      : Exposing 1 endpoint beneath base path '/actuator'
2025-12-12 09:29:53.123  INFO 10204 --- [restartedMain] o.s.b.d.a.OptionalLiveReloadServer       : LiveReload server is running on port 35729
2025-12-12 09:29:53.307  INFO 10204 --- [restartedMain] o.s.m.s.b.SimpleBrokerMessageHandler     : Starting...
2025-12-12 09:29:53.309  INFO 10204 --- [restartedMain] o.s.m.s.b.SimpleBrokerMessageHandler     : BrokerAvailabilityEvent[available=true, SimpleBrokerMessageHandler [org.springframework.messaging.simp.broker.DefaultSubscriptionRegistry@53543b9e]]
2025-12-12 09:29:53.310  INFO 10204 --- [restartedMain] o.s.m.s.b.SimpleBrokerMessageHandler     : Started.
2025-12-12 09:29:53.368  INFO 10204 --- [restartedMain] o.s.b.w.embedded.tomcat.TomcatWebServer  : Tomcat started on port 9000 (http) with context path '/'
2025-12-12 09:29:53.395  INFO 10204 --- [restartedMain] com.instagram.BackEndApplication         : Started BackEndApplication in 16.328 seconds (process running for 19.016)
2025-12-12 09:29:57.693  INFO 10204 --- [RMI TCP Connection(1)-192.168.0.69] o.a.c.c.C.[Tomcat].[localhost].[/]       : Initializing Spring DispatcherServlet 'dispatcherServlet'
2025-12-12 09:29:57.693  INFO 10204 --- [RMI TCP Connection(1)-192.168.0.69] o.s.web.servlet.DispatcherServlet        : Initializing Servlet 'dispatcherServlet'
2025-12-12 09:29:57.695  INFO 10204 --- [RMI TCP Connection(1)-192.168.0.69] o.s.web.servlet.DispatcherServlet        : Completed initialization in 2 ms
2025-12-12 09:30:53.186  INFO 10204 --- [MessageBroker-1] o.s.w.s.c.WebSocketMessageBrokerStats    : WebSocketSession[0 current WS(0)-HttpStream(0)-HttpPoll(0), 0 total, 0 closed abnormally (0 connect failure, 0 send limit, 0 transport error)], stompSubProtocol[processed CONNECT(0)-CONNECTED(0)-DISCONNECT(0)], stompBrokerRelay[null], inboundChannel[pool size = 0, active threads = 0, queued tasks = 0, completed tasks = 0], outboundChannel[pool size = 0, active threads = 0, queued tasks = 0, completed tasks = 0], sockJsScheduler[pool size = 1, active threads = 1, queued tasks = 0, completed tasks = 0]
2025-12-12 09:34:30.471  INFO 10204 --- [http-nio-9000-exec-1] com.instagram.common.aop.LoggingAspect   : [UserController.kakaoLogin()] 요청 / ip : 127.0.0.1
2025-12-12 09:34:30.472  INFO 10204 --- [http-nio-9000-exec-1] c.i.user.controller.UserController       : 카카오 로그인 요청 - code: _EwnjOvRBWL6jyq8hy6hspGAIwydQxBi-Bq-SZVFnSW56a_59dHbdwAAAAQKFwEPAAABmw_7DfvDukuslKNZWg
2025-12-12 09:34:30.473  INFO 10204 --- [http-nio-9000-exec-1] com.instagram.common.aop.LoggingAspect   : ========== KakaoServiceImpl.getAccessToken() 서비스 호출 ==========
2025-12-12 09:34:30.474  INFO 10204 --- [http-nio-9000-exec-1] com.instagram.common.aop.LoggingAspect   : Parameter : [_EwnjOvRBWL6jyq8hy6hspGAIwydQxBi-Bq-SZVFnSW56a_59dHbdwAAAAQKFwEPAAABmw_7DfvDukuslKNZWg]
2025-12-12 09:34:30.546  INFO 10204 --- [http-nio-9000-exec-2] com.instagram.common.aop.LoggingAspect   : [UserController.kakaoLogin()] 요청 / ip : 127.0.0.1
2025-12-12 09:34:30.547  INFO 10204 --- [http-nio-9000-exec-2] c.i.user.controller.UserController       : 카카오 로그인 요청 - code: _EwnjOvRBWL6jyq8hy6hspGAIwydQxBi-Bq-SZVFnSW56a_59dHbdwAAAAQKFwEPAAABmw_7DfvDukuslKNZWg
2025-12-12 09:34:30.547  INFO 10204 --- [http-nio-9000-exec-2] com.instagram.common.aop.LoggingAspect   : ========== KakaoServiceImpl.getAccessToken() 서비스 호출 ==========
2025-12-12 09:34:30.547  INFO 10204 --- [http-nio-9000-exec-2] com.instagram.common.aop.LoggingAspect   : Parameter : [_EwnjOvRBWL6jyq8hy6hspGAIwydQxBi-Bq-SZVFnSW56a_59dHbdwAAAAQKFwEPAAABmw_7DfvDukuslKNZWg]
2025-12-12 09:34:30.962  INFO 10204 --- [http-nio-9000-exec-1] com.instagram.common.aop.LoggingAspect   : Running Time : 488ms
2025-12-12 09:34:30.962  INFO 10204 --- [http-nio-9000-exec-2] com.instagram.common.aop.LoggingAspect   : Running Time : 415ms
2025-12-12 09:34:30.962  INFO 10204 --- [http-nio-9000-exec-1] com.instagram.common.aop.LoggingAspect   : ===================================================================================
2025-12-12 09:34:30.962  INFO 10204 --- [http-nio-9000-exec-2] com.instagram.common.aop.LoggingAspect   : ===================================================================================
2025-12-12 09:34:30.962  INFO 10204 --- [http-nio-9000-exec-1] c.i.user.controller.UserController       : 카카오 액세스 토큰 발급 성공
2025-12-12 09:34:30.962  INFO 10204 --- [http-nio-9000-exec-2] c.i.user.controller.UserController       : 카카오 액세스 토큰 발급 성공
2025-12-12 09:34:30.962  INFO 10204 --- [http-nio-9000-exec-1] com.instagram.common.aop.LoggingAspect   : ========== KakaoServiceImpl.getKakaoUserInfo() 서비스 호출 ==========
2025-12-12 09:34:30.962  INFO 10204 --- [http-nio-9000-exec-2] com.instagram.common.aop.LoggingAspect   : ========== KakaoServiceImpl.getKakaoUserInfo() 서비스 호출 ==========
2025-12-12 09:34:30.962  INFO 10204 --- [http-nio-9000-exec-1] com.instagram.common.aop.LoggingAspect   : Parameter : [_RxSroayN0nGp_l_LfHQQlbakje3vY6-AAAAAQoNH9EAAAGbD_sRoZCBbdpZdq0Z]
2025-12-12 09:34:30.962  INFO 10204 --- [http-nio-9000-exec-2] com.instagram.common.aop.LoggingAspect   : Parameter : [bjLzLofOnoto1F7OTJrq9h8FyLnhArnzAAAAAQoNDSEAAAGbD_sRoZCBbdpZdq0Z]
2025-12-12 09:34:31.034  INFO 10204 --- [http-nio-9000-exec-2] com.instagram.common.aop.LoggingAspect   : Running Time : 71ms
2025-12-12 09:34:31.034  INFO 10204 --- [http-nio-9000-exec-2] com.instagram.common.aop.LoggingAspect   : ===================================================================================
2025-12-12 09:34:31.034  INFO 10204 --- [http-nio-9000-exec-2] c.i.user.controller.UserController       : 카카오 사용자 정보 조회 성공 - email: yhoxo@naver.com
2025-12-12 09:34:31.035  INFO 10204 --- [http-nio-9000-exec-2] com.instagram.common.aop.LoggingAspect   : ========== UserServiceImpl.getUserByEmail() 서비스 호출 ==========
2025-12-12 09:34:31.035  INFO 10204 --- [http-nio-9000-exec-2] com.instagram.common.aop.LoggingAspect   : Parameter : [yhoxo@naver.com]
2025-12-12 09:34:31.035  INFO 10204 --- [http-nio-9000-exec-2] com.instagram.common.aop.LoggingAspect   : Running Time : 0ms
2025-12-12 09:34:31.035  INFO 10204 --- [http-nio-9000-exec-2] com.instagram.common.aop.LoggingAspect   : ===================================================================================
2025-12-12 09:34:31.035  INFO 10204 --- [http-nio-9000-exec-2] c.i.user.controller.UserController       : 카카오 로그인 - 미가입 회원: yhoxo@naver.com
2025-12-12 09:34:31.042  INFO 10204 --- [http-nio-9000-exec-1] com.instagram.common.aop.LoggingAspect   : Running Time : 80ms
2025-12-12 09:34:31.042  INFO 10204 --- [http-nio-9000-exec-1] com.instagram.common.aop.LoggingAspect   : ===================================================================================
2025-12-12 09:34:31.043  INFO 10204 --- [http-nio-9000-exec-1] c.i.user.controller.UserController       : 카카오 사용자 정보 조회 성공 - email: yhoxo@naver.com
2025-12-12 09:34:31.043  INFO 10204 --- [http-nio-9000-exec-1] com.instagram.common.aop.LoggingAspect   : ========== UserServiceImpl.getUserByEmail() 서비스 호출 ==========
2025-12-12 09:34:31.043  INFO 10204 --- [http-nio-9000-exec-1] com.instagram.common.aop.LoggingAspect   : Parameter : [yhoxo@naver.com]
2025-12-12 09:34:31.043  INFO 10204 --- [http-nio-9000-exec-1] com.instagram.common.aop.LoggingAspect   : Running Time : 0ms
2025-12-12 09:34:31.043  INFO 10204 --- [http-nio-9000-exec-1] com.instagram.common.aop.LoggingAspect   : ===================================================================================
2025-12-12 09:34:31.043  INFO 10204 --- [http-nio-9000-exec-1] c.i.user.controller.UserController       : 카카오 로그인 - 미가입 회원: yhoxo@naver.com
2025-12-12 10:00:53.192  INFO 10204 --- [MessageBroker-1] o.s.w.s.c.WebSocketMessageBrokerStats    : WebSocketSession[0 current WS(0)-HttpStream(0)-HttpPoll(0), 0 total, 0 closed abnormally (0 connect failure, 0 send limit, 0 transport error)], stompSubProtocol[processed CONNECT(0)-CONNECTED(0)-DISCONNECT(0)], stompBrokerRelay[null], inboundChannel[pool size = 0, active threads = 0, queued tasks = 0, completed tasks = 0], outboundChannel[pool size = 0, active threads = 0, queued tasks = 0, completed tasks = 0], sockJsScheduler[pool size = 2, active threads = 1, queued tasks = 0, completed tasks = 1]
2025-12-12 10:30:53.200  INFO 10204 --- [MessageBroker-2] o.s.w.s.c.WebSocketMessageBrokerStats    : WebSocketSession[0 current WS(0)-HttpStream(0)-HttpPoll(0), 0 total, 0 closed abnormally (0 connect failure, 0 send limit, 0 transport error)], stompSubProtocol[processed CONNECT(0)-CONNECTED(0)-DISCONNECT(0)], stompBrokerRelay[null], inboundChannel[pool size = 0, active threads = 0, queued tasks = 0, completed tasks = 0], outboundChannel[pool size = 0, active threads = 0, queued tasks = 0, completed tasks = 0], sockJsScheduler[pool size = 3, active threads = 1, queued tasks = 0, completed tasks = 2]
2025-12-12 11:00:53.202  INFO 10204 --- [MessageBroker-1] o.s.w.s.c.WebSocketMessageBrokerStats    : WebSocketSession[0 current WS(0)-HttpStream(0)-HttpPoll(0), 0 total, 0 closed abnormally (0 connect failure, 0 send limit, 0 transport error)], stompSubProtocol[processed CONNECT(0)-CONNECTED(0)-DISCONNECT(0)], stompBrokerRelay[null], inboundChannel[pool size = 0, active threads = 0, queued tasks = 0, completed tasks = 0], outboundChannel[pool size = 0, active threads = 0, queued tasks = 0, completed tasks = 0], sockJsScheduler[pool size = 4, active threads = 1, queued tasks = 0, completed tasks = 3]
2025-12-12 11:01:24.642  INFO 10204 --- [File Watcher] rtingClassPathChangeChangedEventListener : Restarting due to 7 class path changes (0 additions, 0 deletions, 7 modifications)
2025-12-12 11:01:24.650  INFO 10204 --- [Thread-5] o.s.b.w.e.tomcat.GracefulShutdown        : Commencing graceful shutdown. Waiting for active requests to complete
2025-12-12 11:01:24.655  INFO 10204 --- [tomcat-shutdown] o.s.b.w.e.tomcat.GracefulShutdown        : Graceful shutdown complete
2025-12-12 11:01:24.658  INFO 10204 --- [Thread-5] o.s.m.s.b.SimpleBrokerMessageHandler     : Stopping...
2025-12-12 11:01:24.658  INFO 10204 --- [Thread-5] o.s.m.s.b.SimpleBrokerMessageHandler     : BrokerAvailabilityEvent[available=false, SimpleBrokerMessageHandler [org.springframework.messaging.simp.broker.DefaultSubscriptionRegistry@53543b9e]]
2025-12-12 11:01:24.659  INFO 10204 --- [Thread-5] o.s.m.s.b.SimpleBrokerMessageHandler     : Stopped.
2025-12-12 11:01:24.666  INFO 10204 --- [Thread-5] j.LocalContainerEntityManagerFactoryBean : Closing JPA EntityManagerFactory for persistence unit 'default'
2025-12-12 11:01:24.671  INFO 10204 --- [Thread-5] com.zaxxer.hikari.HikariDataSource       : MyHikariCP - Shutdown initiated...
2025-12-12 11:01:24.680  INFO 10204 --- [Thread-5] com.zaxxer.hikari.HikariDataSource       : MyHikariCP - Shutdown completed.
2025-12-12 11:01:24.887  INFO 10204 --- [restartedMain] com.instagram.BackEndApplication         : Starting BackEndApplication using Java 21.0.7 with PID 10204 (E:\풀스택 조연희\instagram-clone\back-end\build\classes\java\main started by TJ in E:\풀스택 조연희\instagram-clone\back-end)
2025-12-12 11:01:24.887  INFO 10204 --- [restartedMain] com.instagram.BackEndApplication         : No active profile set, falling back to 1 default profile: "default"
2025-12-12 11:01:25.671  INFO 10204 --- [restartedMain] .s.d.r.c.RepositoryConfigurationDelegate : Bootstrapping Spring Data JPA repositories in DEFAULT mode.
2025-12-12 11:01:25.681  INFO 10204 --- [restartedMain] .s.d.r.c.RepositoryConfigurationDelegate : Finished Spring Data repository scanning in 8 ms. Found 0 JPA repository interfaces.
2025-12-12 11:01:26.078  INFO 10204 --- [restartedMain] o.s.b.w.embedded.tomcat.TomcatWebServer  : Tomcat initialized with port 9000 (http)
2025-12-12 11:01:26.080  INFO 10204 --- [restartedMain] o.apache.catalina.core.StandardService   : Starting service [Tomcat]
2025-12-12 11:01:26.080  INFO 10204 --- [restartedMain] o.apache.catalina.core.StandardEngine    : Starting Servlet engine: [Apache Tomcat/10.1.33]
2025-12-12 11:01:26.115  INFO 10204 --- [restartedMain] o.a.c.c.C.[Tomcat].[localhost].[/]       : Initializing Spring embedded WebApplicationContext
2025-12-12 11:01:26.115  INFO 10204 --- [restartedMain] w.s.c.ServletWebServerApplicationContext : Root WebApplicationContext: initialization completed in 1223 ms
2025-12-12 11:01:26.387  INFO 10204 --- [restartedMain] o.hibernate.jpa.internal.util.LogHelper  : HHH000204: Processing PersistenceUnitInfo [name: default]
2025-12-12 11:01:26.392  INFO 10204 --- [restartedMain] o.h.c.internal.RegionFactoryInitiator    : HHH000026: Second-level cache disabled
2025-12-12 11:01:26.410  INFO 10204 --- [restartedMain] o.s.o.j.p.SpringPersistenceUnitInfo      : No LoadTimeWeaver setup: ignoring JPA class transformer
2025-12-12 11:01:26.412  INFO 10204 --- [restartedMain] com.zaxxer.hikari.HikariDataSource       : MyHikariCP - Starting...
2025-12-12 11:01:26.478  INFO 10204 --- [restartedMain] com.zaxxer.hikari.pool.HikariPool        : MyHikariCP - Added connection org.postgresql.jdbc.PgConnection@362d03d1
2025-12-12 11:01:26.479  INFO 10204 --- [restartedMain] com.zaxxer.hikari.HikariDataSource       : MyHikariCP - Start completed.
2025-12-12 11:01:26.491  INFO 10204 --- [restartedMain] org.hibernate.orm.connections.pooling    : HHH10001005: Database info:
	Database JDBC URL [Connecting through datasource 'HikariDataSource (MyHikariCP)']
	Database driver: undefined/unknown
	Database version: 18.1
	Autocommit mode: undefined/unknown
	Isolation level: undefined/unknown
	Minimum pool size: undefined/unknown
	Maximum pool size: undefined/unknown
2025-12-12 11:01:26.520  INFO 10204 --- [restartedMain] o.h.e.t.j.p.i.JtaPlatformInitiator       : HHH000489: No JTA platform available (set 'hibernate.transaction.jta.platform' to enable JTA platform integration)
2025-12-12 11:01:26.520  INFO 10204 --- [restartedMain] j.LocalContainerEntityManagerFactoryBean : Initialized JPA EntityManagerFactory for persistence unit 'default'
2025-12-12 11:01:26.893  WARN 10204 --- [restartedMain] JpaBaseConfiguration$JpaWebConfiguration : spring.jpa.open-in-view is enabled by default. Therefore, database queries may be performed during view rendering. Explicitly configure spring.jpa.open-in-view to disable this warning
2025-12-12 11:01:26.997  WARN 10204 --- [restartedMain] .s.s.UserDetailsServiceAutoConfiguration : 

Using generated security password: 218e4fd2-abd1-402a-8d39-7d9b65adc919

This generated password is for development use only. Your security configuration must be updated before running your application in production.

2025-12-12 11:01:27.001  INFO 10204 --- [restartedMain] r$InitializeUserDetailsManagerConfigurer : Global AuthenticationManager configured with UserDetailsService bean with name inMemoryUserDetailsManager
2025-12-12 11:01:28.052  WARN 10204 --- [restartedMain] ion$DefaultTemplateResolverConfiguration : Cannot find template location: classpath:/templates/ (please add some templates, check your Thymeleaf configuration, or set spring.thymeleaf.check-template-location=false)
2025-12-12 11:01:28.918  INFO 10204 --- [restartedMain] o.s.b.a.e.web.EndpointLinksResolver      : Exposing 1 endpoint beneath base path '/actuator'
2025-12-12 11:01:29.159  INFO 10204 --- [restartedMain] o.s.b.d.a.OptionalLiveReloadServer       : LiveReload server is running on port 35729
2025-12-12 11:01:29.223  INFO 10204 --- [restartedMain] o.s.m.s.b.SimpleBrokerMessageHandler     : Starting...
2025-12-12 11:01:29.224  INFO 10204 --- [restartedMain] o.s.m.s.b.SimpleBrokerMessageHandler     : BrokerAvailabilityEvent[available=true, SimpleBrokerMessageHandler [org.springframework.messaging.simp.broker.DefaultSubscriptionRegistry@3846cfa6]]
2025-12-12 11:01:29.224  INFO 10204 --- [restartedMain] o.s.m.s.b.SimpleBrokerMessageHandler     : Started.
2025-12-12 11:01:29.227  INFO 10204 --- [restartedMain] o.s.b.w.embedded.tomcat.TomcatWebServer  : Tomcat started on port 9000 (http) with context path '/'
2025-12-12 11:01:29.239  INFO 10204 --- [restartedMain] com.instagram.BackEndApplication         : Started BackEndApplication in 4.439 seconds (process running for 5514.86)
2025-12-12 11:01:29.244  INFO 10204 --- [restartedMain] .ConditionEvaluationDeltaLoggingListener : Condition evaluation unchanged
2025-12-12 11:02:29.210  INFO 10204 --- [MessageBroker-1] o.s.w.s.c.WebSocketMessageBrokerStats    : WebSocketSession[0 current WS(0)-HttpStream(0)-HttpPoll(0), 0 total, 0 closed abnormally (0 connect failure, 0 send limit, 0 transport error)], stompSubProtocol[processed CONNECT(0)-CONNECTED(0)-DISCONNECT(0)], stompBrokerRelay[null], inboundChannel[pool size = 0, active threads = 0, queued tasks = 0, completed tasks = 0], outboundChannel[pool size = 0, active threads = 0, queued tasks = 0, completed tasks = 0], sockJsScheduler[pool size = 1, active threads = 1, queued tasks = 0, completed tasks = 0]
2025-12-12 11:32:29.216  INFO 10204 --- [MessageBroker-1] o.s.w.s.c.WebSocketMessageBrokerStats    : WebSocketSession[0 current WS(0)-HttpStream(0)-HttpPoll(0), 0 total, 0 closed abnormally (0 connect failure, 0 send limit, 0 transport error)], stompSubProtocol[processed CONNECT(0)-CONNECTED(0)-DISCONNECT(0)], stompBrokerRelay[null], inboundChannel[pool size = 0, active threads = 0, queued tasks = 0, completed tasks = 0], outboundChannel[pool size = 0, active threads = 0, queued tasks = 0, completed tasks = 0], sockJsScheduler[pool size = 2, active threads = 1, queued tasks = 0, completed tasks = 1]
2025-12-12 12:02:29.235  INFO 10204 --- [MessageBroker-2] o.s.w.s.c.WebSocketMessageBrokerStats    : WebSocketSession[0 current WS(0)-HttpStream(0)-HttpPoll(0), 0 total, 0 closed abnormally (0 connect failure, 0 send limit, 0 transport error)], stompSubProtocol[processed CONNECT(0)-CONNECTED(0)-DISCONNECT(0)], stompBrokerRelay[null], inboundChannel[pool size = 0, active threads = 0, queued tasks = 0, completed tasks = 0], outboundChannel[pool size = 0, active threads = 0, queued tasks = 0, completed tasks = 0], sockJsScheduler[pool size = 3, active threads = 1, queued tasks = 0, completed tasks = 2]
